Namespace(batch_size=32, data='SONN_easy', dropout=0.5, emb_dims=1024, epochs=500, eval=False, exp_name='SageMix', k=20, lr=0.001, model='dgcnn', model_path='', momentum=0.9, no_cuda=False, num_points=1024, seed=1, sigma=0.3, test_batch_size=16, theta=0.2, use_sgd=True)
Using GPU : 0 from 2 devices
Namespace(batch_size=32, data='MN40', dropout=0.5, emb_dims=1024, epochs=500, eval=False, exp_name='SageMix', k=20, lr=0.001, model='dgcnn', model_path='', momentum=0.9, no_cuda=False, num_points=1024, seed=1, sigma=0.3, test_batch_size=16, theta=0.2, use_sgd=True)
Using GPU : 0 from 2 devices
Namespace(batch_size=32, data='MN40', dropout=0.5, emb_dims=1024, epochs=500, eval=False, exp_name='SageMix', k=20, lr=0.001, model='dgcnn', model_path='', momentum=0.9, no_cuda=False, num_points=1024, seed=1, sigma=0.3, test_batch_size=16, theta=0.2, use_sgd=True)
Using GPU : 0 from 2 devices
Train 0, loss: 3.062574
Test 0, loss: 2.577300, test acc: 0.448541, test avg acc: 0.313110, best test acc: 0.448541
Train 1, loss: 2.486621
Test 1, loss: 2.446869, test acc: 0.537682, test avg acc: 0.392273, best test acc: 0.537682
Train 2, loss: 2.268523
Test 2, loss: 2.287468, test acc: 0.641410, test avg acc: 0.501983, best test acc: 0.641410
Train 3, loss: 2.140655
Test 3, loss: 2.251292, test acc: 0.692464, test avg acc: 0.539151, best test acc: 0.692464
Train 4, loss: 2.071657
Test 4, loss: 2.134993, test acc: 0.757699, test avg acc: 0.637035, best test acc: 0.757699
Train 5, loss: 2.003480
Test 5, loss: 2.297046, test acc: 0.702593, test avg acc: 0.611767, best test acc: 0.757699
Train 6, loss: 1.941049
Test 6, loss: 2.186570, test acc: 0.770665, test avg acc: 0.676971, best test acc: 0.770665
Train 7, loss: 1.913572
Test 7, loss: 2.183056, test acc: 0.781199, test avg acc: 0.686401, best test acc: 0.781199
Train 8, loss: 1.871781
Test 8, loss: 2.132796, test acc: 0.801053, test avg acc: 0.700157, best test acc: 0.801053
Train 9, loss: 1.855280
Test 9, loss: 2.261234, test acc: 0.795381, test avg acc: 0.693860, best test acc: 0.801053
Train 10, loss: 1.836637
Test 10, loss: 2.146025, test acc: 0.778768, test avg acc: 0.691424, best test acc: 0.801053
Train 11, loss: 1.799984
Test 11, loss: 2.092840, test acc: 0.811588, test avg acc: 0.716058, best test acc: 0.811588
Train 12, loss: 1.786035
Test 12, loss: 2.209957, test acc: 0.786062, test avg acc: 0.688709, best test acc: 0.811588
Train 13, loss: 1.758016
Test 13, loss: 2.185896, test acc: 0.811994, test avg acc: 0.724983, best test acc: 0.811994
Train 14, loss: 1.751352
Test 14, loss: 2.162239, test acc: 0.824554, test avg acc: 0.745564, best test acc: 0.824554
Train 15, loss: 1.732684
Test 15, loss: 2.159594, test acc: 0.819692, test avg acc: 0.741110, best test acc: 0.824554
Train 16, loss: 1.723104
Test 16, loss: 2.227046, test acc: 0.829822, test avg acc: 0.757320, best test acc: 0.829822
Train 17, loss: 1.719039
Test 17, loss: 2.120932, test acc: 0.831442, test avg acc: 0.734360, best test acc: 0.831442
Train 18, loss: 1.723061
Test 18, loss: 2.309485, test acc: 0.815235, test avg acc: 0.749442, best test acc: 0.831442
Train 19, loss: 1.669088
Test 19, loss: 2.114265, test acc: 0.842382, test avg acc: 0.766884, best test acc: 0.842382
Train 20, loss: 1.672926
Test 20, loss: 2.254173, test acc: 0.792950, test avg acc: 0.715337, best test acc: 0.842382
Train 21, loss: 1.677285
Test 21, loss: 2.170981, test acc: 0.852917, test avg acc: 0.770529, best test acc: 0.852917
Train 22, loss: 1.663967
Test 22, loss: 2.262599, test acc: 0.833874, test avg acc: 0.759628, best test acc: 0.852917
Train 23, loss: 1.650243
Test 23, loss: 2.098039, test acc: 0.869530, test avg acc: 0.798122, best test acc: 0.869530
Train 24, loss: 1.649012
Test 24, loss: 2.404255, test acc: 0.801864, test avg acc: 0.722116, best test acc: 0.869530
Train 25, loss: 1.645806
Test 25, loss: 2.094160, test acc: 0.854538, test avg acc: 0.786262, best test acc: 0.869530
Train 26, loss: 1.612350
Test 26, loss: 2.143229, test acc: 0.842788, test avg acc: 0.759483, best test acc: 0.869530
Train 27, loss: 1.649533
Test 27, loss: 2.175068, test acc: 0.838736, test avg acc: 0.795436, best test acc: 0.869530
Train 28, loss: 1.639032
Test 28, loss: 2.230646, test acc: 0.850486, test avg acc: 0.800436, best test acc: 0.869530
Train 29, loss: 1.622205
Test 29, loss: 2.153999, test acc: 0.827391, test avg acc: 0.779076, best test acc: 0.869530
Train 30, loss: 1.598046
Test 30, loss: 2.180575, test acc: 0.857780, test avg acc: 0.781291, best test acc: 0.869530
Train 31, loss: 1.601132
Test 31, loss: 2.237226, test acc: 0.862237, test avg acc: 0.813297, best test acc: 0.869530
Train 32, loss: 1.601969
Test 32, loss: 2.165984, test acc: 0.850081, test avg acc: 0.792587, best test acc: 0.869530
Train 33, loss: 1.600549
Test 33, loss: 2.188002, test acc: 0.874392, test avg acc: 0.818023, best test acc: 0.874392
Train 34, loss: 1.595852
Test 34, loss: 2.127375, test acc: 0.849676, test avg acc: 0.764773, best test acc: 0.874392
Train 35, loss: 1.582635
Test 35, loss: 2.270300, test acc: 0.833063, test avg acc: 0.769529, best test acc: 0.874392
Train 36, loss: 1.575008
Test 36, loss: 2.267129, test acc: 0.860211, test avg acc: 0.789669, best test acc: 0.874392
Train 37, loss: 1.581115
Test 37, loss: 2.105653, test acc: 0.871151, test avg acc: 0.797407, best test acc: 0.874392
Train 38, loss: 1.567650
Test 38, loss: 2.179204, test acc: 0.871556, test avg acc: 0.810273, best test acc: 0.874392
Train 39, loss: 1.575221
Test 39, loss: 2.238589, test acc: 0.861426, test avg acc: 0.785657, best test acc: 0.874392
Train 40, loss: 1.577691
Test 40, loss: 2.125625, test acc: 0.848865, test avg acc: 0.785692, best test acc: 0.874392
Train 41, loss: 1.575102
Test 41, loss: 2.129441, test acc: 0.851297, test avg acc: 0.793750, best test acc: 0.874392
Train 42, loss: 1.563114
Test 42, loss: 2.139383, test acc: 0.859806, test avg acc: 0.801186, best test acc: 0.874392
Train 43, loss: 1.560046
Test 43, loss: 2.101513, test acc: 0.876418, test avg acc: 0.798384, best test acc: 0.876418
Train 44, loss: 1.584509
Test 44, loss: 2.202984, test acc: 0.868314, test avg acc: 0.786913, best test acc: 0.876418
Train 45, loss: 1.568575
Test 45, loss: 2.210185, test acc: 0.875203, test avg acc: 0.791890, best test acc: 0.876418
Train 46, loss: 1.515825
Test 46, loss: 2.170420, test acc: 0.842382, test avg acc: 0.813483, best test acc: 0.876418
Train 47, loss: 1.540676
Test 47, loss: 2.115701, test acc: 0.862237, test avg acc: 0.813064, best test acc: 0.876418
Train 48, loss: 1.536118
Test 48, loss: 2.121792, test acc: 0.865073, test avg acc: 0.801517, best test acc: 0.876418
Train 49, loss: 1.535577
Test 49, loss: 2.179718, test acc: 0.852917, test avg acc: 0.779983, best test acc: 0.876418
Train 50, loss: 1.535486
Test 50, loss: 2.047600, test acc: 0.863452, test avg acc: 0.801186, best test acc: 0.876418
Train 51, loss: 1.533085
Test 51, loss: 2.174556, test acc: 0.861426, test avg acc: 0.799988, best test acc: 0.876418
Train 52, loss: 1.529292
Test 52, loss: 2.113597, test acc: 0.833468, test avg acc: 0.759855, best test acc: 0.876418
Train 53, loss: 1.523597
Test 53, loss: 2.137749, test acc: 0.873987, test avg acc: 0.828890, best test acc: 0.876418
Train 54, loss: 1.515401
Test 54, loss: 2.121215, test acc: 0.867099, test avg acc: 0.813349, best test acc: 0.876418
Train 55, loss: 1.542830
Test 55, loss: 2.124960, test acc: 0.869125, test avg acc: 0.798767, best test acc: 0.876418
Train 56, loss: 1.519759
Test 56, loss: 2.062161, test acc: 0.878444, test avg acc: 0.815942, best test acc: 0.878444
Train 57, loss: 1.553116
Test 57, loss: 2.165488, test acc: 0.873177, test avg acc: 0.819843, best test acc: 0.878444
Train 58, loss: 1.525522
Test 58, loss: 2.173840, test acc: 0.877229, test avg acc: 0.808140, best test acc: 0.878444
Train 59, loss: 1.529137
Test 59, loss: 2.188266, test acc: 0.862237, test avg acc: 0.775866, best test acc: 0.878444
Train 60, loss: 1.513342
Test 60, loss: 2.075000, test acc: 0.875608, test avg acc: 0.831965, best test acc: 0.878444
Train 61, loss: 1.494680
Test 61, loss: 2.138274, test acc: 0.861021, test avg acc: 0.800983, best test acc: 0.878444
Train 62, loss: 1.525911
Test 62, loss: 2.123611, test acc: 0.880470, test avg acc: 0.830186, best test acc: 0.880470
Train 63, loss: 1.498803
Test 63, loss: 2.060068, test acc: 0.868720, test avg acc: 0.817814, best test acc: 0.880470
Train 64, loss: 1.519430
Test 64, loss: 2.154512, test acc: 0.858590, test avg acc: 0.807465, best test acc: 0.880470
Train 65, loss: 1.473226
Test 65, loss: 2.136465, test acc: 0.876013, test avg acc: 0.808355, best test acc: 0.880470
Train 66, loss: 1.472536
Test 66, loss: 2.099431, test acc: 0.852917, test avg acc: 0.777686, best test acc: 0.880470
Train 67, loss: 1.500631
Test 67, loss: 2.203453, test acc: 0.866694, test avg acc: 0.795901, best test acc: 0.880470
Train 68, loss: 1.501268
Test 68, loss: 2.013916, test acc: 0.885737, test avg acc: 0.831919, best test acc: 0.885737
Train 69, loss: 1.479126
Test 69, loss: 2.173421, test acc: 0.882496, test avg acc: 0.832634, best test acc: 0.885737
Train 70, loss: 1.479417
Test 70, loss: 2.175093, test acc: 0.838736, test avg acc: 0.792337, best test acc: 0.885737
Train 71, loss: 1.487901
Test 71, loss: 2.131472, test acc: 0.877229, test avg acc: 0.811715, best test acc: 0.885737
Train 72, loss: 1.481613
Test 72, loss: 2.163624, test acc: 0.879660, test avg acc: 0.829099, best test acc: 0.885737
Train 73, loss: 1.502902
Test 73, loss: 2.218668, test acc: 0.866288, test avg acc: 0.800971, best test acc: 0.885737
Train 74, loss: 1.491767
Test 74, loss: 2.065336, test acc: 0.879254, test avg acc: 0.823465, best test acc: 0.885737
Train 75, loss: 1.479302
Test 75, loss: 2.143682, test acc: 0.874797, test avg acc: 0.811012, best test acc: 0.885737
Train 76, loss: 1.501394
Test 76, loss: 2.126803, test acc: 0.863047, test avg acc: 0.793744, best test acc: 0.885737
Train 77, loss: 1.488195
Test 77, loss: 2.251637, test acc: 0.869530, test avg acc: 0.829110, best test acc: 0.885737
Train 78, loss: 1.498071
Test 78, loss: 2.098705, test acc: 0.883306, test avg acc: 0.815669, best test acc: 0.885737
Train 79, loss: 1.476471
Test 79, loss: 2.152768, test acc: 0.854943, test avg acc: 0.812262, best test acc: 0.885737
Train 80, loss: 1.467100
Test 80, loss: 2.105943, test acc: 0.873177, test avg acc: 0.834779, best test acc: 0.885737
Train 81, loss: 1.475291
Test 81, loss: 2.089875, test acc: 0.878444, test avg acc: 0.818983, best test acc: 0.885737
Train 82, loss: 1.465652
Test 82, loss: 2.177141, test acc: 0.894652, test avg acc: 0.834750, best test acc: 0.894652
Train 83, loss: 1.474417
Test 83, loss: 2.084297, test acc: 0.886548, test avg acc: 0.829698, best test acc: 0.894652
Train 84, loss: 1.485382
Test 84, loss: 2.203191, test acc: 0.874797, test avg acc: 0.818384, best test acc: 0.894652
Train 85, loss: 1.466775
Test 85, loss: 2.070376, test acc: 0.872771, test avg acc: 0.808256, best test acc: 0.894652
Train 86, loss: 1.492839
Test 86, loss: 2.181789, test acc: 0.865073, test avg acc: 0.816890, best test acc: 0.894652
Train 87, loss: 1.476566
Test 87, loss: 2.144941, test acc: 0.875203, test avg acc: 0.820570, best test acc: 0.894652
Train 88, loss: 1.465483
Test 88, loss: 2.074953, test acc: 0.884117, test avg acc: 0.839058, best test acc: 0.894652
Train 89, loss: 1.470366
Test 89, loss: 2.086902, test acc: 0.864263, test avg acc: 0.821483, best test acc: 0.894652
Train 90, loss: 1.456184
Test 90, loss: 2.231100, test acc: 0.853323, test avg acc: 0.815587, best test acc: 0.894652
Train 91, loss: 1.465315
Test 91, loss: 2.158529, test acc: 0.873987, test avg acc: 0.804110, best test acc: 0.894652
Train 92, loss: 1.476798
Test 92, loss: 2.026359, test acc: 0.878039, test avg acc: 0.829837, best test acc: 0.894652
Train 93, loss: 1.467685
Test 93, loss: 2.090949, test acc: 0.881686, test avg acc: 0.834599, best test acc: 0.894652
Train 94, loss: 1.463406
Test 94, loss: 2.139315, test acc: 0.880470, test avg acc: 0.804645, best test acc: 0.894652
Train 95, loss: 1.457777
Test 95, loss: 2.072064, test acc: 0.900324, test avg acc: 0.828006, best test acc: 0.900324
Train 96, loss: 1.467308
Test 96, loss: 2.206864, test acc: 0.866694, test avg acc: 0.824035, best test acc: 0.900324
Train 97, loss: 1.437734
Test 97, loss: 2.172445, test acc: 0.878849, test avg acc: 0.816442, best test acc: 0.900324
Train 98, loss: 1.478332
Test 98, loss: 2.079988, test acc: 0.863452, test avg acc: 0.818703, best test acc: 0.900324
Train 99, loss: 1.451281
Test 99, loss: 2.108342, test acc: 0.893436, test avg acc: 0.833349, best test acc: 0.900324
Train 100, loss: 1.453222
Test 100, loss: 2.244668, test acc: 0.842382, test avg acc: 0.793541, best test acc: 0.900324
Train 101, loss: 1.460317
Test 101, loss: 2.153685, test acc: 0.885737, test avg acc: 0.833017, best test acc: 0.900324
Train 102, loss: 1.457643
Test 102, loss: 2.093515, test acc: 0.882091, test avg acc: 0.822064, best test acc: 0.900324
Train 103, loss: 1.456450
Test 103, loss: 2.211225, test acc: 0.877634, test avg acc: 0.820169, best test acc: 0.900324
Train 104, loss: 1.470973
Test 104, loss: 2.022498, test acc: 0.865478, test avg acc: 0.797849, best test acc: 0.900324
Train 105, loss: 1.446854
Test 105, loss: 2.157873, test acc: 0.884522, test avg acc: 0.831145, best test acc: 0.900324
Train 106, loss: 1.449109
Test 106, loss: 2.104317, test acc: 0.887358, test avg acc: 0.842628, best test acc: 0.900324
Train 107, loss: 1.458852
Test 107, loss: 2.104351, test acc: 0.888574, test avg acc: 0.829669, best test acc: 0.900324
Train 108, loss: 1.452821
Test 108, loss: 2.052258, test acc: 0.888979, test avg acc: 0.835599, best test acc: 0.900324
Train 109, loss: 1.434365
Test 109, loss: 2.091031, test acc: 0.883712, test avg acc: 0.846669, best test acc: 0.900324
Train 110, loss: 1.435116
Test 110, loss: 2.112877, test acc: 0.860211, test avg acc: 0.815180, best test acc: 0.900324
Train 111, loss: 1.444860
Test 111, loss: 2.079876, test acc: 0.894246, test avg acc: 0.836669, best test acc: 0.900324
Train 112, loss: 1.419322
Test 112, loss: 2.241425, test acc: 0.884927, test avg acc: 0.840430, best test acc: 0.900324
Train 113, loss: 1.443294
Test 113, loss: 2.148861, test acc: 0.861021, test avg acc: 0.796047, best test acc: 0.900324
Train 114, loss: 1.433144
Test 114, loss: 2.108508, test acc: 0.891005, test avg acc: 0.830000, best test acc: 0.900324
Train 115, loss: 1.443822
Test 115, loss: 2.193591, test acc: 0.876823, test avg acc: 0.836564, best test acc: 0.900324
Train 116, loss: 1.437193
Test 116, loss: 2.096164, test acc: 0.889789, test avg acc: 0.827727, best test acc: 0.900324
Train 117, loss: 1.437624
Test 117, loss: 2.115650, test acc: 0.878444, test avg acc: 0.806326, best test acc: 0.900324
Train 118, loss: 1.417300
Test 118, loss: 2.162067, test acc: 0.869530, test avg acc: 0.829988, best test acc: 0.900324
Train 119, loss: 1.436830
Test 119, loss: 2.162672, test acc: 0.856159, test avg acc: 0.826291, best test acc: 0.900324
Train 120, loss: 1.437322
Test 120, loss: 2.130240, test acc: 0.879254, test avg acc: 0.824337, best test acc: 0.900324
Train 121, loss: 1.415145
Test 121, loss: 2.066792, test acc: 0.885737, test avg acc: 0.837965, best test acc: 0.900324
Train 122, loss: 1.436281
Test 122, loss: 2.213990, test acc: 0.865073, test avg acc: 0.803826, best test acc: 0.900324
Train 123, loss: 1.419697
Test 123, loss: 2.219100, test acc: 0.890194, test avg acc: 0.829302, best test acc: 0.900324
Train 124, loss: 1.413066
Test 124, loss: 2.046146, test acc: 0.883712, test avg acc: 0.830709, best test acc: 0.900324
Train 125, loss: 1.437193
Test 125, loss: 2.144098, test acc: 0.891410, test avg acc: 0.847233, best test acc: 0.900324
Train 126, loss: 1.407992
Test 126, loss: 2.141153, test acc: 0.898298, test avg acc: 0.847047, best test acc: 0.900324
Train 127, loss: 1.425880
Test 127, loss: 2.085880, test acc: 0.887763, test avg acc: 0.839936, best test acc: 0.900324
Train 128, loss: 1.418536
Test 128, loss: 2.069943, test acc: 0.880065, test avg acc: 0.816547, best test acc: 0.900324
Train 129, loss: 1.414228
Test 129, loss: 2.103849, test acc: 0.888979, test avg acc: 0.841965, best test acc: 0.900324
Train 130, loss: 1.407609
Test 130, loss: 2.017503, test acc: 0.890600, test avg acc: 0.842930, best test acc: 0.900324
Train 131, loss: 1.417577
Test 131, loss: 2.094562, test acc: 0.894246, test avg acc: 0.845337, best test acc: 0.900324
Train 132, loss: 1.420971
Test 132, loss: 2.078692, test acc: 0.884927, test avg acc: 0.840570, best test acc: 0.900324
Train 133, loss: 1.401397
Test 133, loss: 2.054007, test acc: 0.880065, test avg acc: 0.843151, best test acc: 0.900324
Train 134, loss: 1.418561
Test 134, loss: 2.021688, test acc: 0.889789, test avg acc: 0.841762, best test acc: 0.900324
Train 135, loss: 1.421674
Test 135, loss: 2.024104, test acc: 0.890194, test avg acc: 0.846273, best test acc: 0.900324
Train 136, loss: 1.420810
Test 136, loss: 2.143648, test acc: 0.890600, test avg acc: 0.828634, best test acc: 0.900324
Train 137, loss: 1.413270
Test 137, loss: 2.015862, test acc: 0.889384, test avg acc: 0.832052, best test acc: 0.900324
Train 138, loss: 1.422644
Test 138, loss: 2.086345, test acc: 0.895057, test avg acc: 0.826291, best test acc: 0.900324
Train 139, loss: 1.410022
Test 139, loss: 2.165544, test acc: 0.885737, test avg acc: 0.837279, best test acc: 0.900324
Train 140, loss: 1.403250
Test 140, loss: 2.050796, test acc: 0.881280, test avg acc: 0.834517, best test acc: 0.900324
Train 141, loss: 1.408905
Test 141, loss: 2.078609, test acc: 0.888979, test avg acc: 0.830267, best test acc: 0.900324
Train 142, loss: 1.401107
Test 142, loss: 2.080558, test acc: 0.894652, test avg acc: 0.842715, best test acc: 0.900324
Train 143, loss: 1.406078
Test 143, loss: 2.167753, test acc: 0.892220, test avg acc: 0.830506, best test acc: 0.900324
Train 144, loss: 1.394666
Test 144, loss: 2.036407, test acc: 0.891410, test avg acc: 0.836337, best test acc: 0.900324
Train 145, loss: 1.397741
Test 145, loss: 2.023197, test acc: 0.895462, test avg acc: 0.842372, best test acc: 0.900324
Train 146, loss: 1.391403
Test 146, loss: 2.166601, test acc: 0.892220, test avg acc: 0.839017, best test acc: 0.900324
Train 147, loss: 1.396401
Test 147, loss: 2.123252, test acc: 0.892626, test avg acc: 0.832506, best test acc: 0.900324
Train 148, loss: 1.377818
Test 148, loss: 2.204019, test acc: 0.880875, test avg acc: 0.822541, best test acc: 0.900324
Train 149, loss: 1.407021
Test 149, loss: 2.019867, test acc: 0.888574, test avg acc: 0.836302, best test acc: 0.900324
Train 150, loss: 1.407336
Test 150, loss: 2.112777, test acc: 0.899514, test avg acc: 0.856837, best test acc: 0.900324
Train 151, loss: 1.401915
Test 151, loss: 2.074097, test acc: 0.902755, test avg acc: 0.843657, best test acc: 0.902755
Train 152, loss: 1.388257
Test 152, loss: 2.082397, test acc: 0.895057, test avg acc: 0.851378, best test acc: 0.902755
Train 153, loss: 1.382852
Test 153, loss: 2.074709, test acc: 0.886953, test avg acc: 0.842465, best test acc: 0.902755
Train 154, loss: 1.404620
Test 154, loss: 2.037065, test acc: 0.888169, test avg acc: 0.842657, best test acc: 0.902755
Train 155, loss: 1.403969
Test 155, loss: 2.114448, test acc: 0.882091, test avg acc: 0.821169, best test acc: 0.902755
Train 156, loss: 1.390917
Test 156, loss: 2.096575, test acc: 0.898703, test avg acc: 0.839256, best test acc: 0.902755
Train 157, loss: 1.398705
Test 157, loss: 2.080030, test acc: 0.907618, test avg acc: 0.850657, best test acc: 0.907618
Train 158, loss: 1.403491
Test 158, loss: 2.068800, test acc: 0.878849, test avg acc: 0.828785, best test acc: 0.907618
Train 159, loss: 1.390352
Test 159, loss: 2.033288, test acc: 0.883306, test avg acc: 0.828558, best test acc: 0.907618
Train 160, loss: 1.384824
Test 160, loss: 2.244982, test acc: 0.890600, test avg acc: 0.836035, best test acc: 0.907618
Train 161, loss: 1.389570
Test 161, loss: 2.099520, test acc: 0.905997, test avg acc: 0.854657, best test acc: 0.907618
Train 162, loss: 1.381556
Test 162, loss: 2.178248, test acc: 0.886548, test avg acc: 0.824465, best test acc: 0.907618
Train 163, loss: 1.387817
Test 163, loss: 2.143499, test acc: 0.887358, test avg acc: 0.835866, best test acc: 0.907618
Train 164, loss: 1.372184
Test 164, loss: 2.027012, test acc: 0.882901, test avg acc: 0.825012, best test acc: 0.907618
Train 165, loss: 1.378951
Test 165, loss: 2.019615, test acc: 0.891815, test avg acc: 0.840256, best test acc: 0.907618
Train 166, loss: 1.385066
Test 166, loss: 2.064812, test acc: 0.893841, test avg acc: 0.850541, best test acc: 0.907618
Train 167, loss: 1.388598
Test 167, loss: 2.063693, test acc: 0.899109, test avg acc: 0.859012, best test acc: 0.907618
Train 168, loss: 1.372131
Test 168, loss: 2.056358, test acc: 0.882901, test avg acc: 0.842895, best test acc: 0.907618
Train 169, loss: 1.373036
Test 169, loss: 2.182868, test acc: 0.886548, test avg acc: 0.850651, best test acc: 0.907618
Train 170, loss: 1.382323
Test 170, loss: 2.131107, test acc: 0.869530, test avg acc: 0.846314, best test acc: 0.907618
Train 171, loss: 1.371279
Test 171, loss: 2.186733, test acc: 0.899919, test avg acc: 0.852273, best test acc: 0.907618
Train 172, loss: 1.375369
Test 172, loss: 2.091543, test acc: 0.896677, test avg acc: 0.862372, best test acc: 0.907618
Train 173, loss: 1.369493
Test 173, loss: 2.111080, test acc: 0.881280, test avg acc: 0.848628, best test acc: 0.907618
Train 174, loss: 1.364685
Test 174, loss: 2.080572, test acc: 0.886548, test avg acc: 0.827227, best test acc: 0.907618
Train 175, loss: 1.365895
Test 175, loss: 2.140456, test acc: 0.886143, test avg acc: 0.840424, best test acc: 0.907618
Train 176, loss: 1.364627
Test 176, loss: 2.078669, test acc: 0.903566, test avg acc: 0.859843, best test acc: 0.907618
Train 177, loss: 1.365407
Test 177, loss: 2.135585, test acc: 0.888574, test avg acc: 0.839384, best test acc: 0.907618
Train 178, loss: 1.374671
Test 178, loss: 2.065814, test acc: 0.884117, test avg acc: 0.843814, best test acc: 0.907618
Train 179, loss: 1.360291
Test 179, loss: 2.166533, test acc: 0.892220, test avg acc: 0.854547, best test acc: 0.907618
Train 180, loss: 1.374223
Test 180, loss: 2.098894, test acc: 0.901540, test avg acc: 0.855517, best test acc: 0.907618
Train 181, loss: 1.378271
Test 181, loss: 2.099069, test acc: 0.886548, test avg acc: 0.841180, best test acc: 0.907618
Train 182, loss: 1.368534
Test 182, loss: 2.032276, test acc: 0.897083, test avg acc: 0.849721, best test acc: 0.907618
Train 183, loss: 1.376779
Test 183, loss: 2.074607, test acc: 0.895057, test avg acc: 0.839390, best test acc: 0.907618
Train 184, loss: 1.343210
Test 184, loss: 2.086959, test acc: 0.888574, test avg acc: 0.844680, best test acc: 0.907618
Train 185, loss: 1.358111
Test 185, loss: 2.128785, test acc: 0.901540, test avg acc: 0.857802, best test acc: 0.907618
Train 186, loss: 1.342709
Test 186, loss: 2.095390, test acc: 0.902755, test avg acc: 0.856721, best test acc: 0.907618
Train 187, loss: 1.371126
Test 187, loss: 2.014302, test acc: 0.896677, test avg acc: 0.841174, best test acc: 0.907618
Train 188, loss: 1.362197
Test 188, loss: 2.090900, test acc: 0.901540, test avg acc: 0.854174, best test acc: 0.907618
Train 189, loss: 1.360048
Test 189, loss: 2.025643, test acc: 0.896272, test avg acc: 0.850884, best test acc: 0.907618
Namespace(batch_size=32, data='MN40', dropout=0.5, emb_dims=1024, epochs=500, eval=False, exp_name='SageMix', k=20, lr=0.001, model='dgcnn', model_path='', momentum=0.9, no_cuda=False, num_points=1024, seed=1, sigma=0.3, test_batch_size=16, theta=0.2, use_sgd=True)
Using GPU : 0 from 2 devices
Namespace(batch_size=32, data='MN40', dropout=0.5, emb_dims=1024, epochs=1, eval=False, exp_name='SageMix', k=20, lr=0.001, model='dgcnn', model_path='', momentum=0.9, no_cuda=False, num_points=1024, seed=1, sigma=0.3, test_batch_size=16, theta=0.2, use_sgd=True)
Using GPU : 0 from 2 devices
Namespace(batch_size=32, data='MN40', dropout=0.5, emb_dims=1024, epochs=1, eval=False, exp_name='SageMix', k=20, lr=0.001, model='pointnet', model_path='', momentum=0.9, no_cuda=False, num_points=1024, seed=1, sigma=2.0, test_batch_size=16, theta=0.2, use_sgd=False)
Using GPU : 0 from 2 devices
Train 0, loss: 2.326823
Test 0, loss: 2.341762, test acc: 0.629660, test avg acc: 0.493767, best test acc: 0.629660
Namespace(batch_size=32, data='MN40', dropout=0.5, emb_dims=1024, epochs=50, eval=False, exp_name='SageMix', k=20, lr=0.001, model='pointnet', model_path='', momentum=0.9, no_cuda=False, num_points=1024, seed=1, sigma=2.0, test_batch_size=16, theta=0.2, use_sgd=False)
Using GPU : 0 from 2 devices
Train 0, loss: 2.320254
Test 0, loss: 2.382327, test acc: 0.635737, test avg acc: 0.495308, best test acc: 0.635737
Train 1, loss: 1.861470
Test 1, loss: 2.310225, test acc: 0.658023, test avg acc: 0.537453, best test acc: 0.658023
Train 2, loss: 1.717405
Test 2, loss: 2.217607, test acc: 0.720421, test avg acc: 0.608762, best test acc: 0.720421
Train 3, loss: 1.649328
Test 3, loss: 2.243736, test acc: 0.711912, test avg acc: 0.604349, best test acc: 0.720421
Train 4, loss: 1.601687
Test 4, loss: 2.203117, test acc: 0.762966, test avg acc: 0.654907, best test acc: 0.762966
Train 5, loss: 1.578555
Test 5, loss: 2.230207, test acc: 0.749190, test avg acc: 0.648058, best test acc: 0.762966
Train 6, loss: 1.563638
Test 6, loss: 2.179829, test acc: 0.765397, test avg acc: 0.683703, best test acc: 0.765397
Train 7, loss: 1.511648
Test 7, loss: 2.207179, test acc: 0.773501, test avg acc: 0.672058, best test acc: 0.773501
Train 8, loss: 1.475290
Test 8, loss: 2.166590, test acc: 0.799433, test avg acc: 0.699378, best test acc: 0.799433
Train 9, loss: 1.490792
Test 9, loss: 2.143718, test acc: 0.785656, test avg acc: 0.706994, best test acc: 0.799433
Train 10, loss: 1.416769
Test 10, loss: 2.199385, test acc: 0.790924, test avg acc: 0.710529, best test acc: 0.799433
Train 11, loss: 1.421283
Test 11, loss: 2.091689, test acc: 0.793355, test avg acc: 0.721983, best test acc: 0.799433
Train 12, loss: 1.406299
Test 12, loss: 2.200895, test acc: 0.802674, test avg acc: 0.725215, best test acc: 0.802674
Train 13, loss: 1.405655
Test 13, loss: 2.166379, test acc: 0.806726, test avg acc: 0.730360, best test acc: 0.806726
Namespace(batch_size=32, data='MN40', dropout=0.5, emb_dims=1024, epochs=50, eval=False, exp_name='SageMix', k=20, lr=0.001, model='pointnet', model_path='', momentum=0.9, no_cuda=False, num_points=1024, seed=1, sigma=2.0, test_batch_size=16, theta=0.2, use_sgd=False)
Using GPU : 0 from 2 devices
Namespace(batch_size=32, data='MN40', dropout=0.5, emb_dims=1024, epochs=50, eval=False, exp_name='SageMix', k=20, lr=0.001, model='pointnet', model_path='', momentum=0.9, no_cuda=False, num_points=1024, seed=1, sigma=2.0, test_batch_size=16, theta=0.2, use_sgd=False)
Using GPU : 0 from 2 devices
Namespace(batch_size=32, data='MN40', dropout=0.5, emb_dims=1024, epochs=50, eval=False, exp_name='SageMix', k=20, lr=0.001, model='dgcnn', model_path='', momentum=0.9, no_cuda=False, num_points=1024, seed=1, sigma=0.3, test_batch_size=16, theta=0.2, use_sgd=True)
Using GPU : 0 from 2 devices
Namespace(batch_size=32, data='MN40', dropout=0.5, emb_dims=1024, epochs=50, eval=False, exp_name='SageMix', k=20, lr=0.001, model='dgcnn', model_path='', momentum=0.9, no_cuda=False, num_points=1024, seed=1, sigma=0.3, test_batch_size=16, theta=0.2, use_sgd=True)
Using GPU : 0 from 2 devices
Namespace(batch_size=32, data='MN40', dropout=0.5, emb_dims=1024, epochs=50, eval=False, exp_name='SageMix', k=20, lr=0.001, model='dgcnn', model_path='', momentum=0.9, no_cuda=False, num_points=1024, seed=1, sigma=0.3, test_batch_size=16, theta=0.2, use_sgd=True)
Using GPU : 0 from 2 devices
Namespace(batch_size=32, data='MN40', dropout=0.5, emb_dims=1024, epochs=50, eval=False, exp_name='SageMix', k=20, lr=0.001, model='dgcnn', model_path='', momentum=0.9, no_cuda=False, num_points=1024, seed=1, sigma=0.3, test_batch_size=16, theta=0.2, use_sgd=True)
Using GPU : 0 from 2 devices
Namespace(batch_size=32, data='MN40', dropout=0.5, emb_dims=1024, epochs=50, eval=False, exp_name='SageMix', k=20, lr=0.001, model='dgcnn', model_path='', momentum=0.9, no_cuda=False, num_points=1024, seed=1, sigma=0.3, test_batch_size=16, theta=0.2, use_sgd=True)
Using GPU : 0 from 1 devices
Namespace(batch_size=32, data='MN40', dropout=0.5, emb_dims=1024, epochs=50, eval=False, exp_name='SageMix', k=20, lr=0.001, model='dgcnn', model_path='', momentum=0.9, no_cuda=False, num_points=1024, seed=1, sigma=0.3, test_batch_size=16, theta=0.2, use_sgd=True)
Using GPU : 0 from 1 devices
Namespace(batch_size=32, data='MN40', dropout=0.5, emb_dims=1024, epochs=50, eval=False, exp_name='SageMix', k=20, lr=0.001, model='dgcnn', model_path='', momentum=0.9, no_cuda=False, num_points=1024, seed=1, sigma=0.3, test_batch_size=16, theta=0.2, use_sgd=True)
Using GPU : 0 from 1 devices
Namespace(batch_size=32, data='MN40', dropout=0.5, emb_dims=1024, epochs=50, eval=False, exp_name='SageMix', k=20, lr=0.001, model='dgcnn', model_path='', momentum=0.9, no_cuda=False, num_points=1024, seed=1, sigma=0.3, test_batch_size=16, theta=0.2, use_sgd=True)
Using GPU : 0 from 1 devices
Namespace(batch_size=32, data='MN40', dropout=0.5, emb_dims=1024, epochs=50, eval=False, exp_name='SageMix', k=20, lr=0.001, model='dgcnn', model_path='', momentum=0.9, no_cuda=False, num_points=1024, seed=1, sigma=0.3, test_batch_size=16, theta=0.2, use_sgd=True)
Using GPU : 0 from 1 devices
Namespace(batch_size=32, data='MN40', dropout=0.5, emb_dims=1024, epochs=50, eval=False, exp_name='SageMix', k=20, lr=0.001, model='dgcnn', model_path='', momentum=0.9, no_cuda=False, num_points=1024, seed=1, sigma=0.3, test_batch_size=16, theta=0.2, use_sgd=True)
Using GPU : 0 from 1 devices
Namespace(batch_size=30, data='MN40', dropout=0.5, emb_dims=1024, epochs=50, eval=False, exp_name='SageMix', k=20, lr=0.001, model='dgcnn', model_path='', momentum=0.9, no_cuda=False, num_points=1024, seed=1, sigma=0.3, test_batch_size=16, theta=0.2, use_sgd=True)
Using GPU : 0 from 1 devices
Namespace(batch_size=40, data='MN40', dropout=0.5, emb_dims=1024, epochs=50, eval=False, exp_name='SageMix', k=20, lr=0.0001, model='pointnet', model_path='', momentum=0.9, no_cuda=False, num_points=1024, seed=1, sigma=-1, test_batch_size=16, theta=0.2, use_sgd=True)
Train 0, loss: 2.314485
Test 0, loss: 2.382361, test acc: 0.647488, test avg acc: 0.503558, best test acc: 0.647488
Namespace(batch_size=32, data='MN40', dropout=0.5, emb_dims=1024, epochs=50, eval=False, exp_name='SageMix', k=20, lr=0.001, model='dgcnn', model_path='', momentum=0.9, no_cuda=False, num_points=1024, seed=1, sigma=0.3, test_batch_size=16, theta=0.2, use_sgd=True)
Using GPU : 0 from 1 devices
Train 1, loss: 2.199736
Test 1, loss: 2.310171, test acc: 0.653971, test avg acc: 0.534331, best test acc: 0.653971
Train 2, loss: 2.144760
Test 2, loss: 2.360480, test acc: 0.640600, test avg acc: 0.536791, best test acc: 0.653971
Namespace(batch_size=32, data='MN40', dropout=0.5, emb_dims=1024, epochs=50, eval=False, exp_name='SageMix', k=20, lr=0.001, model='dgcnn', model_path='', momentum=0.9, no_cuda=False, num_points=1024, seed=1, sigma=0.3, test_batch_size=16, theta=0.2, use_sgd=True)
Using GPU : 0 from 1 devices
Namespace(batch_size=32, data='MN40', dropout=0.5, emb_dims=1024, epochs=50, eval=False, exp_name='SageMix', k=20, lr=0.001, model='dgcnn', model_path='', momentum=0.9, no_cuda=False, num_points=1024, seed=1, sigma=0.3, test_batch_size=16, theta=0.2, use_sgd=True)
Using GPU : 0 from 1 devices
Train 3, loss: 2.076135
Test 3, loss: 2.216105, test acc: 0.700972, test avg acc: 0.589663, best test acc: 0.700972
Train 4, loss: 2.032982
Test 4, loss: 2.135384, test acc: 0.734198, test avg acc: 0.633203, best test acc: 0.734198
Train 0, loss: 2.950728
Test 0, loss: 2.552025, test acc: 0.476904, test avg acc: 0.340506, best test acc: 0.476904
Train 5, loss: 1.990226
Test 5, loss: 2.202901, test acc: 0.713128, test avg acc: 0.600913, best test acc: 0.734198
Train 1, loss: 2.392072
Test 1, loss: 2.375610, test acc: 0.587925, test avg acc: 0.431721, best test acc: 0.587925
Train 6, loss: 1.945685
Test 6, loss: 2.216607, test acc: 0.727310, test avg acc: 0.635349, best test acc: 0.734198
Train 7, loss: 1.900202
Test 7, loss: 2.390451, test acc: 0.668963, test avg acc: 0.578576, best test acc: 0.734198
Train 2, loss: 2.178213
Test 2, loss: 2.263844, test acc: 0.692869, test avg acc: 0.564767, best test acc: 0.692869
Train 8, loss: 1.874577
Test 8, loss: 2.166771, test acc: 0.733793, test avg acc: 0.637273, best test acc: 0.734198
Train 3, loss: 2.055154
Test 3, loss: 2.252041, test acc: 0.730551, test avg acc: 0.595448, best test acc: 0.730551
Train 9, loss: 1.837685
Test 9, loss: 2.150513, test acc: 0.757293, test avg acc: 0.665628, best test acc: 0.757293
Train 4, loss: 1.959184
Train 10, loss: 1.844440
Test 4, loss: 2.371370, test acc: 0.732172, test avg acc: 0.619628, best test acc: 0.732172
Test 10, loss: 2.158454, test acc: 0.758509, test avg acc: 0.667640, best test acc: 0.758509
Train 11, loss: 1.807807
Test 11, loss: 2.178862, test acc: 0.758914, test avg acc: 0.643767, best test acc: 0.758914
Train 5, loss: 1.896656
Test 5, loss: 2.198298, test acc: 0.747164, test avg acc: 0.634890, best test acc: 0.747164
Train 12, loss: 1.758976
Test 12, loss: 2.199544, test acc: 0.746759, test avg acc: 0.668198, best test acc: 0.758914
Train 6, loss: 1.838766
Test 6, loss: 2.126062, test acc: 0.796191, test avg acc: 0.683244, best test acc: 0.796191
Train 13, loss: 1.794537
Test 13, loss: 2.074019, test acc: 0.787682, test avg acc: 0.714558, best test acc: 0.787682
Train 14, loss: 1.757725
Test 14, loss: 2.097445, test acc: 0.792139, test avg acc: 0.684424, best test acc: 0.792139
Train 7, loss: 1.809702
Test 7, loss: 2.242199, test acc: 0.746759, test avg acc: 0.652093, best test acc: 0.796191
Train 15, loss: 1.716341
Test 15, loss: 2.146501, test acc: 0.766207, test avg acc: 0.667180, best test acc: 0.792139
Train 8, loss: 1.789971
Test 8, loss: 2.190525, test acc: 0.805916, test avg acc: 0.701564, best test acc: 0.805916
Train 16, loss: 1.707188
Test 16, loss: 2.144442, test acc: 0.776742, test avg acc: 0.692238, best test acc: 0.792139
Train 9, loss: 1.784242
Test 9, loss: 2.290783, test acc: 0.779579, test avg acc: 0.692006, best test acc: 0.805916
Train 17, loss: 1.748009
Test 17, loss: 2.126757, test acc: 0.775932, test avg acc: 0.688209, best test acc: 0.792139
Train 18, loss: 1.706536
Test 18, loss: 2.154180, test acc: 0.798622, test avg acc: 0.717901, best test acc: 0.798622
Train 10, loss: 1.749079
Test 10, loss: 2.242998, test acc: 0.800648, test avg acc: 0.726535, best test acc: 0.805916
Namespace(batch_size=32, data='MN40', dropout=0.5, emb_dims=1024, epochs=50, eval=False, exp_name='SageMix', k=20, lr=0.001, model='dgcnn', model_path='', momentum=0.9, no_cuda=False, num_points=1024, seed=1, sigma=0.3, test_batch_size=16, theta=0.2, use_sgd=True)
Using GPU : 0 from 1 devices
Namespace(batch_size=32, data='MN40', dropout=0.5, emb_dims=1024, epochs=50, eval=False, exp_name='SageMix', k=20, lr=0.001, model='dgcnn', model_path='', momentum=0.9, no_cuda=False, num_points=1024, seed=1, sigma=0.3, test_batch_size=16, theta=0.2, use_sgd=True)
Using GPU : 0 from 1 devices
Train 19, loss: 1.694787
Test 19, loss: 2.094758, test acc: 0.797002, test avg acc: 0.703919, best test acc: 0.798622
Train 11, loss: 1.734455
Test 11, loss: 2.235052, test acc: 0.800648, test avg acc: 0.710965, best test acc: 0.805916
Train 20, loss: 1.687467
Test 20, loss: 2.112869, test acc: 0.806321, test avg acc: 0.721837, best test acc: 0.806321
Train 12, loss: 1.701032
Train 21, loss: 1.676758
Test 21, loss: 2.107284, test acc: 0.785251, test avg acc: 0.705192, best test acc: 0.806321
Test 12, loss: 2.122340, test acc: 0.817666, test avg acc: 0.761081, best test acc: 0.817666
Namespace(batch_size=32, data='MN40', dropout=0.5, emb_dims=1024, epochs=50, eval=False, exp_name='SageMix', k=20, lr=0.001, model='dgcnn', model_path='', momentum=0.9, no_cuda=False, num_points=1024, seed=1, sigma=0.3, test_batch_size=16, theta=0.2, use_sgd=True)
Using GPU : 0 from 1 devices
Train 22, loss: 1.652259
Test 22, loss: 2.055147, test acc: 0.808347, test avg acc: 0.729378, best test acc: 0.808347
Train 13, loss: 1.678842
Test 13, loss: 2.224442, test acc: 0.815640, test avg acc: 0.772017, best test acc: 0.817666
Train 23, loss: 1.636037
Test 23, loss: 2.088914, test acc: 0.800648, test avg acc: 0.729791, best test acc: 0.808347
Train 14, loss: 1.671440
Test 14, loss: 2.064984, test acc: 0.826985, test avg acc: 0.726308, best test acc: 0.826985
Train 24, loss: 1.621329
Test 24, loss: 2.076313, test acc: 0.792139, test avg acc: 0.723895, best test acc: 0.808347
Train 25, loss: 1.614187
Test 25, loss: 2.078640, test acc: 0.797002, test avg acc: 0.727645, best test acc: 0.808347
Namespace(batch_size=32, data='MN40', dropout=0.5, emb_dims=1024, epochs=50, eval=False, exp_name='SageMix', k=20, lr=0.001, model='dgcnn', model_path='', momentum=0.9, no_cuda=False, num_points=1024, seed=1, sigma=0.3, test_batch_size=16, theta=0.2, use_sgd=True)
Using GPU : 0 from 1 devices
Train 15, loss: 1.639547
Test 15, loss: 2.171868, test acc: 0.820502, test avg acc: 0.741901, best test acc: 0.826985
Train 26, loss: 1.625062
Test 26, loss: 2.142770, test acc: 0.798622, test avg acc: 0.723744, best test acc: 0.808347
Train 16, loss: 1.619517
Test 16, loss: 2.123329, test acc: 0.819692, test avg acc: 0.746326, best test acc: 0.826985
Train 27, loss: 1.603741
Test 27, loss: 2.150223, test acc: 0.809968, test avg acc: 0.731285, best test acc: 0.809968
Train 0, loss: 3.530159
Train 17, loss: 1.604422
Test 0, loss: 3.004493, test acc: 0.248784, test avg acc: 0.161500, best test acc: 0.248784
Train 28, loss: 1.566443
Test 17, loss: 2.168788, test acc: 0.859400, test avg acc: 0.786058, best test acc: 0.859400
Test 28, loss: 2.158923, test acc: 0.806726, test avg acc: 0.732192, best test acc: 0.809968
Train 29, loss: 1.591560
Test 29, loss: 2.126935, test acc: 0.807942, test avg acc: 0.744587, best test acc: 0.809968
Train 18, loss: 1.574872
Test 18, loss: 2.185797, test acc: 0.856969, test avg acc: 0.805674, best test acc: 0.859400
Train 30, loss: 1.572060
Test 30, loss: 2.097183, test acc: 0.826580, test avg acc: 0.761186, best test acc: 0.826580
Train 1, loss: 2.999132
Test 1, loss: 2.753327, test acc: 0.376418, test avg acc: 0.245390, best test acc: 0.376418
Train 19, loss: 1.562841
Test 19, loss: 2.205193, test acc: 0.865478, test avg acc: 0.804122, best test acc: 0.865478
Train 31, loss: 1.569942
Test 31, loss: 2.100400, test acc: 0.831037, test avg acc: 0.773273, best test acc: 0.831037
Train 32, loss: 1.560226
Test 32, loss: 2.088591, test acc: 0.828201, test avg acc: 0.763651, best test acc: 0.831037
Train 20, loss: 1.562490
Test 20, loss: 2.166226, test acc: 0.863857, test avg acc: 0.811314, best test acc: 0.865478
Train 33, loss: 1.527603
Test 33, loss: 2.095431, test acc: 0.824149, test avg acc: 0.746134, best test acc: 0.831037
Train 2, loss: 2.847930
Test 2, loss: 2.615408, test acc: 0.456240, test avg acc: 0.328512, best test acc: 0.456240
Train 34, loss: 1.547307
Test 34, loss: 2.093102, test acc: 0.836305, test avg acc: 0.774523, best test acc: 0.836305
Train 35, loss: 1.544182
Test 35, loss: 2.111872, test acc: 0.833874, test avg acc: 0.772820, best test acc: 0.836305
Train 36, loss: 1.539212
Test 36, loss: 2.110673, test acc: 0.841167, test avg acc: 0.770808, best test acc: 0.841167
Train 37, loss: 1.531782
Test 37, loss: 2.092318, test acc: 0.826985, test avg acc: 0.755512, best test acc: 0.841167
Train 38, loss: 1.523883
Test 38, loss: 2.071566, test acc: 0.837925, test avg acc: 0.767767, best test acc: 0.841167
Train 39, loss: 1.533209
Test 39, loss: 2.100635, test acc: 0.845219, test avg acc: 0.779064, best test acc: 0.845219
Train 40, loss: 1.508011
Test 40, loss: 2.077509, test acc: 0.848865, test avg acc: 0.781436, best test acc: 0.848865
Train 41, loss: 1.521534
Test 41, loss: 2.110010, test acc: 0.852917, test avg acc: 0.789773, best test acc: 0.852917
Train 42, loss: 1.483596
Test 42, loss: 2.078264, test acc: 0.851702, test avg acc: 0.786860, best test acc: 0.852917
Train 43, loss: 1.530827
Test 43, loss: 2.082152, test acc: 0.844003, test avg acc: 0.779477, best test acc: 0.852917
Train 44, loss: 1.519756
Test 44, loss: 2.103748, test acc: 0.848055, test avg acc: 0.776773, best test acc: 0.852917
Train 45, loss: 1.471020
Test 45, loss: 2.139761, test acc: 0.851702, test avg acc: 0.788349, best test acc: 0.852917
Train 46, loss: 1.502690
Test 46, loss: 2.123849, test acc: 0.853323, test avg acc: 0.791349, best test acc: 0.853323
Train 47, loss: 1.482879
Test 47, loss: 2.057301, test acc: 0.847245, test avg acc: 0.784436, best test acc: 0.853323
Train 48, loss: 1.491270
Test 48, loss: 2.114805, test acc: 0.847650, test avg acc: 0.782849, best test acc: 0.853323
Train 49, loss: 1.500955
Test 49, loss: 2.107510, test acc: 0.842788, test avg acc: 0.777605, best test acc: 0.853323
Namespace(batch_size=40, data='MN40', dropout=0.5, emb_dims=1024, epochs=50, eval=False, exp_name='SageMix', k=20, lr=0.0001, model='pointnet', model_path='', momentum=0.9, no_cuda=False, num_points=1024, seed=1, sigma=-1, test_batch_size=16, theta=0.2, use_sgd=True)
Train 0, loss: 2.867210
Test 0, loss: 2.648160, test acc: 0.474068, test avg acc: 0.349471, best test acc: 0.474068
Train 1, loss: 2.457289
Test 1, loss: 2.514556, test acc: 0.542139, test avg acc: 0.441151, best test acc: 0.542139
Train 2, loss: 2.297705
Test 2, loss: 2.507531, test acc: 0.558347, test avg acc: 0.467837, best test acc: 0.558347
Train 3, loss: 2.213134
Test 3, loss: 2.357819, test acc: 0.610211, test avg acc: 0.506384, best test acc: 0.610211
Train 4, loss: 2.096991
Test 4, loss: 2.254101, test acc: 0.666937, test avg acc: 0.565233, best test acc: 0.666937
Train 5, loss: 2.034532
Test 5, loss: 2.322148, test acc: 0.657618, test avg acc: 0.579552, best test acc: 0.666937
Train 6, loss: 1.984779
Test 6, loss: 2.301496, test acc: 0.705835, test avg acc: 0.610494, best test acc: 0.705835
Train 7, loss: 1.914555
Test 7, loss: 2.217365, test acc: 0.713533, test avg acc: 0.604250, best test acc: 0.713533
Train 8, loss: 1.929901
Test 8, loss: 2.210704, test acc: 0.719611, test avg acc: 0.620913, best test acc: 0.719611
Train 9, loss: 1.881256
Test 9, loss: 2.210621, test acc: 0.742301, test avg acc: 0.652419, best test acc: 0.742301
Train 10, loss: 1.851873
Test 10, loss: 2.154811, test acc: 0.744327, test avg acc: 0.649238, best test acc: 0.744327
Train 11, loss: 1.856174
Test 11, loss: 2.098588, test acc: 0.750000, test avg acc: 0.666494, best test acc: 0.750000
Train 12, loss: 1.819440
Test 12, loss: 2.109165, test acc: 0.752836, test avg acc: 0.675506, best test acc: 0.752836
Train 13, loss: 1.802917
Test 13, loss: 2.228350, test acc: 0.739465, test avg acc: 0.662047, best test acc: 0.752836
Train 14, loss: 1.777952
Test 14, loss: 2.168589, test acc: 0.766613, test avg acc: 0.673919, best test acc: 0.766613
Train 15, loss: 1.760901
Test 15, loss: 2.145108, test acc: 0.779579, test avg acc: 0.657564, best test acc: 0.779579
Train 16, loss: 1.751040
Test 16, loss: 2.194280, test acc: 0.730146, test avg acc: 0.631547, best test acc: 0.779579
Train 17, loss: 1.727869
Test 17, loss: 2.122710, test acc: 0.779173, test avg acc: 0.682640, best test acc: 0.779579
Train 18, loss: 1.724424
Test 18, loss: 2.116439, test acc: 0.784441, test avg acc: 0.694128, best test acc: 0.784441
Train 19, loss: 1.750654
Test 19, loss: 2.065944, test acc: 0.773096, test avg acc: 0.692169, best test acc: 0.784441
Train 20, loss: 1.677766
Test 20, loss: 2.112385, test acc: 0.778363, test avg acc: 0.675151, best test acc: 0.784441
Train 21, loss: 1.722601
Test 21, loss: 2.108023, test acc: 0.794165, test avg acc: 0.700378, best test acc: 0.794165
Train 22, loss: 1.678352
Test 22, loss: 2.111992, test acc: 0.792139, test avg acc: 0.709593, best test acc: 0.794165
Namespace(batch_size=30, data='MN40', dropout=0.5, emb_dims=1024, epochs=50, eval=False, exp_name='SageMix', k=20, lr=0.0001, model='pointnet', model_path='', momentum=0.9, no_cuda=False, num_points=1024, seed=1, sigma=-1, test_batch_size=16, theta=0.2, use_sgd=True)
Namespace(batch_size=40, data='MN40', dropout=0.5, emb_dims=1024, epochs=50, eval=False, exp_name='SageMix', k=20, lr=0.0001, model='pointnet', model_path='', momentum=0.9, no_cuda=False, num_points=1024, seed=1, sigma=-1, test_batch_size=16, theta=0.2, use_sgd=True)
Namespace(batch_size=40, data='MN40', dropout=0.5, emb_dims=1024, epochs=50, eval=False, exp_name='SageMix', k=20, lr=0.0001, model='pointnet', model_path='', momentum=0.9, no_cuda=False, num_points=1024, seed=1, sigma=-1, test_batch_size=16, theta=0.2, use_sgd=True)
Namespace(batch_size=30, data='MN40', dropout=0.5, emb_dims=1024, epochs=50, eval=False, exp_name='SageMix', k=20, lr=0.0001, model='pointnet', model_path='', momentum=0.9, no_cuda=False, num_points=1024, seed=1, sigma=-1, test_batch_size=16, theta=0.2, use_sgd=True)
Namespace(batch_size=30, data='MN40', dropout=0.5, emb_dims=1024, epochs=50, eval=False, exp_name='SageMix', k=20, lr=0.0001, model='pointnet', model_path='', momentum=0.9, no_cuda=False, num_points=1024, seed=1, sigma=-1, test_batch_size=16, theta=0.2, use_sgd=True)
Namespace(batch_size=30, data='MN40', dropout=0.5, emb_dims=1024, epochs=50, eval=False, exp_name='SageMix', k=20, lr=0.0001, model='pointnet', model_path='', momentum=0.9, no_cuda=False, num_points=1024, seed=1, sigma=-1, test_batch_size=16, theta=0.2, use_sgd=True)
Namespace(batch_size=30, data='MN40', dropout=0.5, emb_dims=1024, epochs=50, eval=False, exp_name='SageMix', k=20, lr=0.0001, model='pointnet', model_path='', momentum=0.9, no_cuda=False, num_points=1024, seed=1, sigma=-1, test_batch_size=16, theta=0.2, use_sgd=True)
Namespace(batch_size=30, data='MN40', dropout=0.5, emb_dims=1024, epochs=50, eval=False, exp_name='SageMix', k=20, lr=0.0001, model='pointnet', model_path='', momentum=0.9, no_cuda=False, num_points=1024, seed=1, sigma=-1, test_batch_size=16, theta=0.2, use_sgd=True)
Namespace(batch_size=30, data='MN40', dropout=0.5, emb_dims=1024, epochs=50, eval=False, exp_name='SageMix', k=20, lr=0.0001, model='pointnet', model_path='', momentum=0.9, no_cuda=False, num_points=1024, seed=1, sigma=-1, test_batch_size=16, theta=0.2, use_sgd=True)
Namespace(batch_size=30, data='MN40', dropout=0.5, emb_dims=1024, epochs=50, eval=False, exp_name='SageMix', k=20, lr=0.0001, model='pointnet', model_path='', momentum=0.9, no_cuda=False, num_points=1024, seed=1, sigma=-1, test_batch_size=16, theta=0.2, use_sgd=True)
Namespace(batch_size=30, data='MN40', dropout=0.5, emb_dims=1024, epochs=50, eval=False, exp_name='SageMix', k=20, lr=0.0001, model='pointnet', model_path='', momentum=0.9, no_cuda=False, num_points=1024, seed=1, sigma=-1, test_batch_size=16, theta=0.2, use_sgd=True)
Namespace(batch_size=30, data='MN40', dropout=0.5, emb_dims=1024, epochs=50, eval=False, exp_name='SageMix', k=20, lr=0.0001, model='pointnet', model_path='', momentum=0.9, no_cuda=False, num_points=1024, seed=1, sigma=-1, test_batch_size=16, theta=0.2, use_sgd=True)
Namespace(batch_size=30, data='MN40', dropout=0.5, emb_dims=1024, epochs=50, eval=False, exp_name='SageMix', k=20, lr=0.0001, model='pointnet', model_path='', momentum=0.9, no_cuda=False, num_points=1024, seed=1, sigma=-1, test_batch_size=16, theta=0.2, use_sgd=True)
Namespace(batch_size=30, data='MN40', dropout=0.5, emb_dims=1024, epochs=50, eval=False, exp_name='SageMix', k=20, lr=0.0001, model='pointnet', model_path='', momentum=0.9, no_cuda=False, num_points=1024, seed=1, sigma=-1, test_batch_size=16, theta=0.2, use_sgd=True)
Namespace(batch_size=30, data='MN40', dropout=0.5, emb_dims=1024, epochs=50, eval=False, exp_name='SageMix', k=20, lr=0.0001, model='pointnet', model_path='', momentum=0.9, no_cuda=False, num_points=1024, seed=1, sigma=-1, test_batch_size=16, theta=0.2, use_sgd=True)
Namespace(batch_size=30, data='MN40', dropout=0.5, emb_dims=1024, epochs=50, eval=False, exp_name='SageMix', k=20, lr=0.0001, model='pointnet', model_path='', momentum=0.9, no_cuda=False, num_points=1024, seed=1, sigma=-1, test_batch_size=16, theta=0.2, use_sgd=True)
Namespace(batch_size=30, data='MN40', dropout=0.5, emb_dims=1024, epochs=50, eval=False, exp_name='SageMix', k=20, lr=0.0001, model='pointnet', model_path='', momentum=0.9, no_cuda=False, num_points=1024, seed=1, sigma=-1, test_batch_size=16, theta=0.2, use_sgd=True)
Namespace(batch_size=30, data='MN40', dropout=0.5, emb_dims=1024, epochs=50, eval=False, exp_name='SageMix', k=20, lr=0.0001, model='pointnet', model_path='', momentum=0.9, no_cuda=False, num_points=1024, seed=1, sigma=-1, test_batch_size=16, theta=0.2, use_sgd=True)
Namespace(batch_size=30, data='MN40', dropout=0.5, emb_dims=1024, epochs=50, eval=False, exp_name='SageMix', k=20, lr=0.0001, model='pointnet', model_path='', momentum=0.9, no_cuda=False, num_points=1024, seed=1, sigma=-1, test_batch_size=16, theta=0.2, use_sgd=True)
Namespace(batch_size=30, data='MN40', dropout=0.5, emb_dims=1024, epochs=50, eval=False, exp_name='SageMix', k=20, lr=0.0001, model='pointnet', model_path='', momentum=0.9, no_cuda=False, num_points=1024, seed=1, sigma=-1, test_batch_size=16, theta=0.2, use_sgd=True)
Namespace(batch_size=30, data='MN40', dropout=0.5, emb_dims=1024, epochs=50, eval=False, exp_name='SageMix', k=20, lr=0.0001, model='pointnet', model_path='', momentum=0.9, no_cuda=False, num_points=1024, seed=1, sigma=-1, test_batch_size=16, theta=0.2, use_sgd=True)
Namespace(batch_size=30, data='MN40', dropout=0.5, emb_dims=1024, epochs=50, eval=False, exp_name='SageMix', k=20, lr=0.0001, model='pointnet', model_path='', momentum=0.9, no_cuda=False, num_points=1024, seed=1, sigma=-1, test_batch_size=16, theta=0.2, use_sgd=True)
Namespace(batch_size=30, data='MN40', dropout=0.5, emb_dims=1024, epochs=50, eval=False, exp_name='SageMix', k=20, lr=0.0001, model='pointnet', model_path='', momentum=0.9, no_cuda=False, num_points=1024, seed=1, sigma=-1, test_batch_size=16, theta=0.2, use_sgd=True)
Namespace(batch_size=30, data='MN40', dropout=0.5, emb_dims=1024, epochs=50, eval=False, exp_name='SageMix', k=20, lr=0.0001, model='pointnet', model_path='', momentum=0.9, no_cuda=False, num_points=1024, seed=1, sigma=-1, test_batch_size=16, theta=0.2, use_sgd=True)
Namespace(batch_size=30, data='MN40', dropout=0.5, emb_dims=1024, epochs=50, eval=False, exp_name='SageMix', k=20, lr=0.0001, model='pointnet', model_path='', momentum=0.9, no_cuda=False, num_points=1024, seed=1, sigma=-1, test_batch_size=16, theta=0.2, use_sgd=True)
Namespace(batch_size=30, data='MN40', dropout=0.5, emb_dims=1024, epochs=50, eval=False, exp_name='SageMix', k=20, lr=0.0001, model='pointnet', model_path='', momentum=0.9, no_cuda=False, num_points=1024, seed=1, sigma=-1, test_batch_size=16, theta=0.2, use_sgd=True)
Namespace(batch_size=30, data='MN40', dropout=0.5, emb_dims=1024, epochs=50, eval=False, exp_name='SageMix', k=20, lr=0.0001, model='pointnet', model_path='', momentum=0.9, no_cuda=False, num_points=1024, seed=1, sigma=-1, test_batch_size=16, theta=0.2, use_sgd=True)
Namespace(batch_size=30, data='MN40', dropout=0.5, emb_dims=1024, epochs=50, eval=False, exp_name='SageMix', k=20, lr=0.0001, model='pointnet', model_path='', momentum=0.9, no_cuda=False, num_points=1024, seed=1, sigma=-1, test_batch_size=16, theta=0.2, use_sgd=True)
Namespace(batch_size=30, data='MN40', dropout=0.5, emb_dims=1024, epochs=50, eval=False, exp_name='SageMix', k=20, lr=0.0001, model='pointnet', model_path='', momentum=0.9, no_cuda=False, num_points=1024, seed=1, sigma=-1, test_batch_size=16, theta=0.2, use_sgd=True)
Namespace(batch_size=30, data='MN40', dropout=0.5, emb_dims=1024, epochs=50, eval=False, exp_name='SageMix', k=20, lr=0.0001, model='pointnet', model_path='', momentum=0.9, no_cuda=False, num_points=1024, seed=1, sigma=-1, test_batch_size=16, theta=0.2, use_sgd=True)
Namespace(batch_size=30, data='MN40', dropout=0.5, emb_dims=1024, epochs=50, eval=False, exp_name='SageMix', k=20, lr=0.0001, model='pointnet', model_path='', momentum=0.9, no_cuda=False, num_points=1024, seed=1, sigma=-1, test_batch_size=16, theta=0.2, use_sgd=True)
Namespace(batch_size=30, data='MN40', dropout=0.5, emb_dims=1024, epochs=50, eval=False, exp_name='SageMix', k=20, lr=0.0001, model='pointnet', model_path='', momentum=0.9, no_cuda=False, num_points=1024, seed=1, sigma=-1, test_batch_size=16, theta=0.2, use_sgd=True)
Namespace(batch_size=30, data='MN40', dropout=0.5, emb_dims=1024, epochs=50, eval=False, exp_name='SageMix', k=20, lr=0.0001, model='pointnet', model_path='', momentum=0.9, no_cuda=False, num_points=1024, seed=1, sigma=-1, test_batch_size=16, theta=0.2, use_sgd=True)
Namespace(batch_size=30, data='MN40', dropout=0.5, emb_dims=1024, epochs=50, eval=False, exp_name='SageMix', k=20, lr=0.0001, model='pointnet', model_path='', momentum=0.9, no_cuda=False, num_points=1024, seed=1, sigma=-1, test_batch_size=16, theta=0.2, use_sgd=True)
Namespace(batch_size=30, data='MN40', dropout=0.5, emb_dims=1024, epochs=50, eval=False, exp_name='SageMix', k=20, lr=0.0001, model='pointnet', model_path='', momentum=0.9, no_cuda=False, num_points=1024, seed=1, sigma=-1, test_batch_size=16, theta=0.2, use_sgd=True)
Namespace(batch_size=30, data='MN40', dropout=0.5, emb_dims=1024, epochs=50, eval=False, exp_name='SageMix', k=20, lr=0.0001, model='pointnet', model_path='', momentum=0.9, no_cuda=False, num_points=1024, seed=1, sigma=-1, test_batch_size=16, theta=0.2, use_sgd=True)
Namespace(batch_size=30, data='MN40', dropout=0.5, emb_dims=1024, epochs=50, eval=False, exp_name='SageMix', k=20, lr=0.0001, model='pointnet', model_path='', momentum=0.9, no_cuda=False, num_points=1024, seed=1, sigma=-1, test_batch_size=16, theta=0.2, use_sgd=True)
Namespace(batch_size=30, data='MN40', dropout=0.5, emb_dims=1024, epochs=50, eval=False, exp_name='SageMix', k=20, lr=0.0001, model='pointnet', model_path='', momentum=0.9, no_cuda=False, num_points=1024, seed=1, sigma=-1, test_batch_size=16, theta=0.2, use_sgd=True)
Namespace(batch_size=30, data='MN40', dropout=0.5, emb_dims=1024, epochs=50, eval=False, exp_name='SageMix', k=20, lr=0.0001, model='pointnet', model_path='', momentum=0.9, no_cuda=False, num_points=1024, seed=1, sigma=-1, test_batch_size=16, theta=0.2, use_sgd=True)
Namespace(batch_size=30, data='MN40', dropout=0.5, emb_dims=1024, epochs=50, eval=False, exp_name='SageMix', k=20, lr=0.0001, model='pointnet', model_path='', momentum=0.9, no_cuda=False, num_points=1024, seed=1, sigma=-1, test_batch_size=16, theta=0.2, use_sgd=True)
Namespace(batch_size=30, data='MN40', dropout=0.5, emb_dims=1024, epochs=50, eval=False, exp_name='SageMix', k=20, lr=0.0001, model='pointnet', model_path='', momentum=0.9, no_cuda=False, num_points=1024, seed=1, sigma=-1, test_batch_size=16, theta=0.2, use_sgd=True)
Namespace(batch_size=30, data='MN40', dropout=0.5, emb_dims=1024, epochs=50, eval=False, exp_name='SageMix', k=20, lr=0.0001, model='pointnet', model_path='', momentum=0.9, no_cuda=False, num_points=1024, seed=1, sigma=-1, test_batch_size=16, theta=0.2, use_sgd=True)
Namespace(batch_size=30, data='MN40', dropout=0.5, emb_dims=1024, epochs=50, eval=False, exp_name='SageMix', k=20, lr=0.0001, model='pointnet', model_path='', momentum=0.9, no_cuda=False, num_points=1024, seed=1, sigma=-1, test_batch_size=16, theta=0.2, use_sgd=True)
Namespace(batch_size=30, data='MN40', dropout=0.5, emb_dims=1024, epochs=50, eval=False, exp_name='SageMix', k=20, lr=0.0001, model='pointnet', model_path='', momentum=0.9, no_cuda=False, num_points=1024, seed=1, sigma=-1, test_batch_size=16, theta=0.2, use_sgd=True)
Namespace(batch_size=30, data='MN40', dropout=0.5, emb_dims=1024, epochs=50, eval=False, exp_name='SageMix', k=20, lr=0.0001, model='pointnet', model_path='', momentum=0.9, no_cuda=False, num_points=1024, seed=1, sigma=-1, test_batch_size=16, theta=0.2, use_sgd=True)
Namespace(batch_size=30, data='MN40', dropout=0.5, emb_dims=1024, epochs=50, eval=False, exp_name='SageMix', k=20, lr=0.0001, model='pointnet', model_path='', momentum=0.9, no_cuda=False, num_points=1024, seed=1, sigma=-1, test_batch_size=16, theta=0.2, use_sgd=True)
Namespace(batch_size=30, data='MN40', dropout=0.5, emb_dims=1024, epochs=50, eval=False, exp_name='SageMix', k=20, lr=0.0001, model='pointnet', model_path='', momentum=0.9, no_cuda=False, num_points=1024, seed=1, sigma=-1, test_batch_size=16, theta=0.2, use_sgd=True)
Namespace(batch_size=30, data='MN40', dropout=0.5, emb_dims=1024, epochs=50, eval=False, exp_name='SageMix', k=20, lr=0.0001, model='pointnet', model_path='', momentum=0.9, no_cuda=False, num_points=1024, seed=1, sigma=-1, test_batch_size=16, theta=0.2, use_sgd=True)
Namespace(batch_size=30, data='MN40', dropout=0.5, emb_dims=1024, epochs=50, eval=False, exp_name='SageMix', k=20, lr=0.0001, model='pointnet', model_path='', momentum=0.9, no_cuda=False, num_points=1024, seed=1, sigma=-1, test_batch_size=16, theta=0.2, use_sgd=True)
Namespace(batch_size=30, data='MN40', dropout=0.5, emb_dims=1024, epochs=50, eval=False, exp_name='SageMix', k=20, lr=0.0001, model='pointnet', model_path='', momentum=0.9, no_cuda=False, num_points=1024, seed=1, sigma=-1, test_batch_size=16, theta=0.2, use_sgd=True)
Namespace(batch_size=30, data='MN40', dropout=0.5, emb_dims=1024, epochs=50, eval=False, exp_name='SageMix', k=20, lr=0.0001, model='pointnet', model_path='', momentum=0.9, no_cuda=False, num_points=1024, seed=1, sigma=-1, test_batch_size=16, theta=0.2, use_sgd=True)
Namespace(batch_size=30, data='MN40', dropout=0.5, emb_dims=1024, epochs=50, eval=False, exp_name='SageMix', k=20, lr=0.0001, model='pointnet', model_path='', momentum=0.9, no_cuda=False, num_points=1024, seed=1, sigma=-1, test_batch_size=16, theta=0.2, use_sgd=True)
Namespace(batch_size=30, data='MN40', dropout=0.5, emb_dims=1024, epochs=50, eval=False, exp_name='SageMix', k=20, lr=0.0001, model='pointnet', model_path='', momentum=0.9, no_cuda=False, num_points=1024, seed=1, sigma=-1, test_batch_size=16, theta=0.2, use_sgd=True)
Namespace(batch_size=30, data='MN40', dropout=0.5, emb_dims=1024, epochs=50, eval=False, exp_name='SageMix', k=20, lr=0.0001, model='pointnet', model_path='', momentum=0.9, no_cuda=False, num_points=1024, seed=1, sigma=-1, test_batch_size=16, theta=0.2, use_sgd=True)
Namespace(batch_size=30, data='MN40', dropout=0.5, emb_dims=1024, epochs=50, eval=False, exp_name='SageMix', k=20, lr=0.0001, model='pointnet', model_path='', momentum=0.9, no_cuda=False, num_points=1024, seed=1, sigma=-1, test_batch_size=16, theta=0.2, use_sgd=True)
Namespace(batch_size=30, data='MN40', dropout=0.5, emb_dims=1024, epochs=50, eval=False, exp_name='SageMix', k=20, lr=0.0001, model='pointnet', model_path='', momentum=0.9, no_cuda=False, num_points=1024, seed=1, sigma=-1, test_batch_size=16, theta=0.2, use_sgd=True)
Namespace(batch_size=30, data='MN40', dropout=0.5, emb_dims=1024, epochs=50, eval=False, exp_name='SageMix', k=20, lr=0.0001, model='pointnet', model_path='', momentum=0.9, no_cuda=False, num_points=1024, seed=1, sigma=-1, test_batch_size=16, theta=0.2, use_sgd=True)
Namespace(batch_size=30, data='MN40', dropout=0.5, emb_dims=1024, epochs=50, eval=False, exp_name='SageMix', k=20, lr=0.0001, model='pointnet', model_path='', momentum=0.9, no_cuda=False, num_points=1024, seed=1, sigma=-1, test_batch_size=16, theta=0.2, use_sgd=True)
Namespace(batch_size=30, data='MN40', dropout=0.5, emb_dims=1024, epochs=50, eval=False, exp_name='SageMix', k=20, lr=0.0001, model='pointnet', model_path='', momentum=0.9, no_cuda=False, num_points=1024, seed=1, sigma=-1, test_batch_size=16, theta=0.2, use_sgd=True)
Namespace(batch_size=30, data='MN40', dropout=0.5, emb_dims=1024, epochs=50, eval=False, exp_name='SageMix', k=20, lr=0.0001, model='pointnet', model_path='', momentum=0.9, no_cuda=False, num_points=1024, seed=1, sigma=-1, test_batch_size=16, theta=0.2, use_sgd=True)
Namespace(batch_size=30, data='MN40', dropout=0.5, emb_dims=1024, epochs=50, eval=False, exp_name='SageMix', k=20, lr=0.0001, model='pointnet', model_path='', momentum=0.9, no_cuda=False, num_points=1024, seed=1, sigma=-1, test_batch_size=16, theta=0.2, use_sgd=True)
Namespace(batch_size=30, data='MN40', dropout=0.5, emb_dims=1024, epochs=50, eval=False, exp_name='SageMix', k=20, lr=0.0001, model='pointnet', model_path='', momentum=0.9, no_cuda=False, num_points=1024, seed=1, sigma=-1, test_batch_size=16, theta=0.2, use_sgd=True)
Namespace(batch_size=30, data='MN40', dropout=0.5, emb_dims=1024, epochs=50, eval=False, exp_name='SageMix', k=20, lr=0.0001, model='pointnet', model_path='', momentum=0.9, no_cuda=False, num_points=1024, seed=1, sigma=-1, test_batch_size=16, theta=0.2, use_sgd=True)
Namespace(batch_size=30, data='MN40', dropout=0.5, emb_dims=1024, epochs=50, eval=False, exp_name='SageMix', k=20, lr=0.0001, model='pointnet', model_path='', momentum=0.9, no_cuda=False, num_points=1024, seed=1, sigma=-1, test_batch_size=16, theta=0.2, use_sgd=True)
Namespace(batch_size=30, data='MN40', dropout=0.5, emb_dims=1024, epochs=50, eval=False, exp_name='SageMix', k=20, lr=0.0001, model='pointnet', model_path='', momentum=0.9, no_cuda=False, num_points=1024, seed=1, sigma=-1, test_batch_size=16, theta=0.2, use_sgd=True)
Namespace(batch_size=30, data='MN40', dropout=0.5, emb_dims=1024, epochs=50, eval=False, exp_name='SageMix', k=20, lr=0.0001, model='pointnet', model_path='', momentum=0.9, no_cuda=False, num_points=1024, seed=1, sigma=-1, test_batch_size=16, theta=0.2, use_sgd=True)
Namespace(batch_size=30, data='MN40', dropout=0.5, emb_dims=1024, epochs=50, eval=False, exp_name='SageMix', k=20, lr=0.0001, model='pointnet', model_path='', momentum=0.9, no_cuda=False, num_points=1024, seed=1, sigma=-1, test_batch_size=16, theta=0.2, use_sgd=True)
Namespace(batch_size=30, data='MN40', dropout=0.5, emb_dims=1024, epochs=50, eval=False, exp_name='SageMix', k=20, lr=0.0001, model='pointnet', model_path='', momentum=0.9, no_cuda=False, num_points=1024, seed=1, sigma=-1, test_batch_size=16, theta=0.2, use_sgd=True)
Namespace(batch_size=30, data='MN40', dropout=0.5, emb_dims=1024, epochs=50, eval=False, exp_name='SageMix', k=20, lr=0.0001, model='pointnet', model_path='', momentum=0.9, no_cuda=False, num_points=1024, seed=1, sigma=-1, test_batch_size=16, theta=0.2, use_sgd=True)
Namespace(batch_size=40, data='MN40', dropout=0.5, emb_dims=1024, epochs=50, eval=False, exp_name='SageMix', k=20, lr=0.0001, model='pointnet', model_path='', momentum=0.9, no_cuda=False, num_points=1024, seed=1, sigma=-1, test_batch_size=16, theta=0.2, use_sgd=False)
Namespace(batch_size=40, data='MN40', dropout=0.5, emb_dims=1024, epochs=50, eval=False, exp_name='SageMix', k=20, lr=0.0001, model='pointnet', model_path='', momentum=0.9, no_cuda=False, num_points=1024, seed=1, sigma=-1, test_batch_size=16, theta=0.2, use_sgd=False)
Namespace(batch_size=40, data='MN40', dropout=0.5, emb_dims=1024, epochs=50, eval=False, exp_name='SageMix', k=20, lr=0.0001, model='pointnet', model_path='', momentum=0.9, no_cuda=False, num_points=1024, seed=1, sigma=-1, test_batch_size=16, theta=0.2, use_sgd=False)
Namespace(batch_size=40, data='MN40', dropout=0.5, emb_dims=1024, epochs=50, eval=False, exp_name='SageMix', k=20, lr=0.0001, model='pointnet', model_path='', momentum=0.9, no_cuda=False, num_points=1024, seed=1, sigma=-1, test_batch_size=16, theta=0.2, use_sgd=False)
Namespace(batch_size=40, data='MN40', dropout=0.5, emb_dims=1024, epochs=50, eval=False, exp_name='SageMix', k=20, lr=0.0001, model='pointnet', model_path='', momentum=0.9, no_cuda=False, num_points=1024, seed=1, sigma=-1, test_batch_size=16, theta=0.2, use_sgd=False)
Namespace(batch_size=40, data='MN40', dropout=0.5, emb_dims=1024, epochs=50, eval=False, exp_name='SageMix', k=20, lr=0.0001, model='pointnet', model_path='', momentum=0.9, no_cuda=False, num_points=1024, seed=1, sigma=-1, test_batch_size=16, theta=0.2, use_sgd=False)
Namespace(batch_size=40, data='MN40', dropout=0.5, emb_dims=1024, epochs=50, eval=False, exp_name='SageMix', k=20, lr=0.0001, model='pointnet', model_path='', momentum=0.9, no_cuda=False, num_points=1024, seed=1, sigma=-1, test_batch_size=16, theta=0.2, use_sgd=False)
Namespace(batch_size=40, data='MN40', dropout=0.5, emb_dims=1024, epochs=50, eval=False, exp_name='SageMix', k=20, lr=0.0001, model='pointnet', model_path='', momentum=0.9, no_cuda=False, num_points=1024, seed=1, sigma=-1, test_batch_size=16, theta=0.2, use_sgd=False)
Namespace(batch_size=40, data='MN40', dropout=0.5, emb_dims=1024, epochs=50, eval=False, exp_name='SageMix', k=20, lr=0.0001, model='pointnet', model_path='', momentum=0.9, no_cuda=False, num_points=1024, seed=1, sigma=-1, test_batch_size=16, theta=0.2, use_sgd=False)
Namespace(batch_size=40, data='MN40', dropout=0.5, emb_dims=1024, epochs=50, eval=False, exp_name='SageMix', k=20, lr=0.0001, model='pointnet', model_path='', momentum=0.9, no_cuda=False, num_points=1024, seed=1, sigma=-1, test_batch_size=16, theta=0.2, use_sgd=False)
Namespace(batch_size=40, data='MN40', dropout=0.5, emb_dims=1024, epochs=50, eval=False, exp_name='SageMix', k=20, lr=0.0001, model='pointnet', model_path='', momentum=0.9, no_cuda=False, num_points=1024, seed=1, sigma=-1, test_batch_size=16, theta=0.2, use_sgd=False)
Namespace(batch_size=40, data='MN40', dropout=0.5, emb_dims=1024, epochs=50, eval=False, exp_name='SageMix', k=20, lr=0.0001, model='pointnet', model_path='', momentum=0.9, no_cuda=False, num_points=1024, seed=1, sigma=-1, test_batch_size=16, theta=0.2, use_sgd=False)
Namespace(batch_size=40, data='MN40', dropout=0.5, emb_dims=1024, epochs=50, eval=False, exp_name='SageMix', k=20, lr=0.0001, model='pointnet', model_path='', momentum=0.9, no_cuda=False, num_points=1024, seed=1, sigma=-1, test_batch_size=16, theta=0.2, use_sgd=False)
Namespace(batch_size=20, data='MN40', dropout=0.5, emb_dims=1024, epochs=50, eval=False, exp_name='SageMix', k=20, lr=0.0001, model='pointnet', model_path='', momentum=0.9, no_cuda=False, num_points=1024, seed=1, sigma=-1, test_batch_size=16, theta=0.2, use_sgd=False)
Namespace(batch_size=20, data='MN40', dropout=0.5, emb_dims=1024, epochs=50, eval=False, exp_name='SageMix', k=20, lr=0.0001, model='pointnet', model_path='', momentum=0.9, no_cuda=False, num_points=1024, seed=1, sigma=-1, test_batch_size=16, theta=0.2, use_sgd=False)
Namespace(batch_size=20, data='MN40', dropout=0.5, emb_dims=1024, epochs=50, eval=False, exp_name='SageMix', k=20, lr=0.0001, model='pointnet', model_path='', momentum=0.9, no_cuda=False, num_points=1024, seed=1, sigma=-1, test_batch_size=16, theta=0.2, use_sgd=False)
Namespace(batch_size=20, data='MN40', dropout=0.5, emb_dims=1024, epochs=50, eval=False, exp_name='SageMix', k=20, lr=0.0001, model='pointnet', model_path='', momentum=0.9, no_cuda=False, num_points=1024, seed=1, sigma=-1, test_batch_size=16, theta=0.2, use_sgd=False)
Namespace(batch_size=20, data='MN40', dropout=0.5, emb_dims=1024, epochs=50, eval=False, exp_name='SageMix', k=20, lr=0.0001, model='pointnet', model_path='', momentum=0.9, no_cuda=False, num_points=1024, seed=1, sigma=-1, test_batch_size=16, theta=0.2, use_sgd=False)
Namespace(batch_size=20, data='MN40', dropout=0.5, emb_dims=1024, epochs=50, eval=False, exp_name='SageMix', k=20, lr=0.0001, model='pointnet', model_path='', momentum=0.9, no_cuda=False, num_points=1024, seed=1, sigma=-1, test_batch_size=16, theta=0.2, use_sgd=False)
Namespace(batch_size=20, data='MN40', dropout=0.5, emb_dims=1024, epochs=50, eval=False, exp_name='SageMix', k=20, lr=0.0001, model='pointnet', model_path='', momentum=0.9, no_cuda=False, num_points=1024, seed=1, sigma=-1, test_batch_size=16, theta=0.2, use_sgd=False)
Namespace(batch_size=20, data='MN40', dropout=0.5, emb_dims=1024, epochs=50, eval=False, exp_name='SageMix', k=20, lr=0.0001, model='pointnet', model_path='', momentum=0.9, no_cuda=False, num_points=1024, seed=1, sigma=-1, test_batch_size=16, theta=0.2, use_sgd=False)
Namespace(batch_size=20, data='MN40', dropout=0.5, emb_dims=1024, epochs=50, eval=False, exp_name='SageMix', k=20, lr=0.0001, model='pointnet', model_path='', momentum=0.9, no_cuda=False, num_points=1024, seed=1, sigma=-1, test_batch_size=16, theta=0.2, use_sgd=False)
Namespace(batch_size=20, data='MN40', dropout=0.5, emb_dims=1024, epochs=50, eval=False, exp_name='SageMix', k=20, lr=0.0001, model='pointnet', model_path='', momentum=0.9, no_cuda=False, num_points=1024, seed=1, sigma=-1, test_batch_size=16, theta=0.2, use_sgd=False)
Namespace(batch_size=20, data='MN40', dropout=0.5, emb_dims=1024, epochs=50, eval=False, exp_name='SageMix', k=20, lr=0.0001, model='pointnet', model_path='', momentum=0.9, no_cuda=False, num_points=1024, seed=1, sigma=-1, test_batch_size=16, theta=0.2, use_sgd=False)
Namespace(batch_size=20, data='MN40', dropout=0.5, emb_dims=1024, epochs=50, eval=False, exp_name='SageMix', k=20, lr=0.0001, model='pointnet', model_path='', momentum=0.9, no_cuda=False, num_points=1024, seed=1, sigma=-1, test_batch_size=16, theta=0.2, use_sgd=False)
Namespace(batch_size=20, data='MN40', dropout=0.5, emb_dims=1024, epochs=50, eval=False, exp_name='SageMix', k=20, lr=0.0001, model='pointnet', model_path='', momentum=0.9, no_cuda=False, num_points=1024, seed=1, sigma=-1, test_batch_size=16, theta=0.2, use_sgd=False)
Namespace(batch_size=20, data='MN40', dropout=0.5, emb_dims=1024, epochs=50, eval=False, exp_name='SageMix', k=20, lr=0.0001, model='pointnet', model_path='', momentum=0.9, no_cuda=False, num_points=1024, seed=1, sigma=-1, test_batch_size=16, theta=0.2, use_sgd=False)
Namespace(batch_size=20, data='MN40', dropout=0.5, emb_dims=1024, epochs=50, eval=False, exp_name='SageMix', k=20, lr=0.0001, model='pointnet', model_path='', momentum=0.9, no_cuda=False, num_points=1024, seed=1, sigma=-1, test_batch_size=16, theta=0.2, use_sgd=False)
Namespace(batch_size=20, data='MN40', dropout=0.5, emb_dims=1024, epochs=50, eval=False, exp_name='SageMix', k=20, lr=0.0001, model='pointnet', model_path='', momentum=0.9, no_cuda=False, num_points=1024, seed=1, sigma=-1, test_batch_size=16, theta=0.2, use_sgd=False)
Namespace(batch_size=20, data='MN40', dropout=0.5, emb_dims=1024, epochs=50, eval=False, exp_name='SageMix', k=20, lr=0.0001, model='pointnet', model_path='', momentum=0.9, no_cuda=False, num_points=1024, seed=1, sigma=-1, test_batch_size=16, theta=0.2, use_sgd=False)
Namespace(batch_size=20, data='MN40', dropout=0.5, emb_dims=1024, epochs=50, eval=False, exp_name='SageMix', k=20, lr=0.0001, model='pointnet', model_path='', momentum=0.9, no_cuda=False, num_points=1024, seed=1, sigma=-1, test_batch_size=16, theta=0.2, use_sgd=False)
Namespace(batch_size=20, data='MN40', dropout=0.5, emb_dims=1024, epochs=50, eval=False, exp_name='SageMix', k=20, lr=0.0001, model='pointnet', model_path='', momentum=0.9, no_cuda=False, num_points=1024, seed=1, sigma=-1, test_batch_size=16, theta=0.2, use_sgd=False)
Namespace(batch_size=20, data='MN40', dropout=0.5, emb_dims=1024, epochs=50, eval=False, exp_name='SageMix', k=20, lr=0.0001, model='pointnet', model_path='', momentum=0.9, no_cuda=False, num_points=1024, seed=1, sigma=-1, test_batch_size=16, theta=0.2, use_sgd=False)
Namespace(batch_size=20, data='MN40', dropout=0.5, emb_dims=1024, epochs=50, eval=False, exp_name='SageMix', k=20, lr=0.0001, model='pointnet', model_path='', momentum=0.9, no_cuda=False, num_points=1024, seed=1, sigma=-1, test_batch_size=16, theta=0.2, use_sgd=False)
Namespace(batch_size=20, data='MN40', dropout=0.5, emb_dims=1024, epochs=50, eval=False, exp_name='SageMix', k=20, lr=0.0001, model='pointnet', model_path='', momentum=0.9, no_cuda=False, num_points=1024, seed=1, sigma=-1, test_batch_size=16, theta=0.2, use_sgd=False)
Namespace(batch_size=20, data='MN40', dropout=0.5, emb_dims=1024, epochs=50, eval=False, exp_name='SageMix', k=20, lr=0.0001, model='pointnet', model_path='', momentum=0.9, no_cuda=False, num_points=1024, seed=1, sigma=-1, test_batch_size=16, theta=0.2, use_sgd=False)
Namespace(batch_size=20, data='MN40', dropout=0.5, emb_dims=1024, epochs=50, eval=False, exp_name='SageMix', k=20, lr=0.0001, model='pointnet', model_path='', momentum=0.9, no_cuda=False, num_points=1024, seed=1, sigma=-1, test_batch_size=16, theta=0.2, use_sgd=False)
Namespace(batch_size=20, data='MN40', dropout=0.5, emb_dims=1024, epochs=50, eval=False, exp_name='SageMix', k=20, lr=0.0001, model='pointnet', model_path='', momentum=0.9, no_cuda=False, num_points=1024, seed=1, sigma=-1, test_batch_size=16, theta=0.2, use_sgd=False)
Namespace(batch_size=20, data='MN40', dropout=0.5, emb_dims=1024, epochs=50, eval=False, exp_name='SageMix', k=20, lr=0.0001, model='pointnet', model_path='', momentum=0.9, no_cuda=False, num_points=1024, seed=1, sigma=-1, test_batch_size=16, theta=0.2, use_sgd=False)
Namespace(batch_size=20, data='MN40', dropout=0.5, emb_dims=1024, epochs=50, eval=False, exp_name='SageMix', k=20, lr=0.0001, model='pointnet', model_path='', momentum=0.9, no_cuda=False, num_points=1024, seed=1, sigma=-1, test_batch_size=16, theta=0.2, use_sgd=False)
Namespace(batch_size=20, data='MN40', dropout=0.5, emb_dims=1024, epochs=50, eval=False, exp_name='SageMix', k=20, lr=0.0001, model='pointnet', model_path='', momentum=0.9, no_cuda=False, num_points=1024, seed=1, sigma=-1, test_batch_size=16, theta=0.2, use_sgd=False)
Namespace(batch_size=20, data='MN40', dropout=0.5, emb_dims=1024, epochs=50, eval=False, exp_name='SageMix', k=20, lr=0.0001, model='pointnet', model_path='', momentum=0.9, no_cuda=False, num_points=1024, seed=1, sigma=-1, test_batch_size=16, theta=0.2, use_sgd=False)
Namespace(batch_size=20, data='MN40', dropout=0.5, emb_dims=1024, epochs=50, eval=False, exp_name='SageMix', k=20, lr=0.0001, model='pointnet', model_path='', momentum=0.9, no_cuda=False, num_points=1024, seed=1, sigma=-1, test_batch_size=16, theta=0.2, use_sgd=False)
Namespace(batch_size=20, data='MN40', dropout=0.5, emb_dims=1024, epochs=50, eval=False, exp_name='SageMix', k=20, lr=0.0001, model='pointnet', model_path='', momentum=0.9, no_cuda=False, num_points=1024, seed=1, sigma=-1, test_batch_size=16, theta=0.2, use_sgd=False)
Namespace(batch_size=20, data='MN40', dropout=0.5, emb_dims=1024, epochs=50, eval=False, exp_name='SageMix', k=20, lr=0.0001, model='pointnet', model_path='', momentum=0.9, no_cuda=False, num_points=1024, seed=1, sigma=-1, test_batch_size=16, theta=0.2, use_sgd=False)
Namespace(batch_size=40, data='MN40', dropout=0.5, emb_dims=1024, epochs=50, eval=False, exp_name='SageMix', k=20, lr=0.0001, model='pointnet', model_path='', momentum=0.9, no_cuda=False, num_points=1024, seed=1, sigma=-1, test_batch_size=16, theta=0.2, use_sgd=False)
Namespace(batch_size=40, data='MN40', dropout=0.5, emb_dims=1024, epochs=50, eval=False, exp_name='SageMix', k=20, lr=0.0001, model='pointnet', model_path='', momentum=0.9, no_cuda=False, num_points=1024, seed=1, sigma=-1, test_batch_size=16, theta=0.2, use_sgd=False)
Namespace(batch_size=30, data='MN40', dropout=0.5, emb_dims=1024, epochs=50, eval=False, exp_name='SageMix', k=20, lr=0.0001, model='pointnet', model_path='', momentum=0.9, no_cuda=False, num_points=1024, seed=1, sigma=-1, test_batch_size=16, theta=0.2, use_sgd=False)
Namespace(batch_size=40, data='MN40', dropout=0.5, emb_dims=1024, epochs=100, eval=False, exp_name='SageMix', k=20, lr=0.0001, model='pointnet', model_path='', momentum=0.9, no_cuda=False, num_points=1024, seed=1, sigma=-1, test_batch_size=16, theta=0.2, use_sgd=False)
Namespace(batch_size=40, data='MN40', dropout=0.5, emb_dims=1024, epochs=100, eval=False, exp_name='SageMix', k=20, lr=0.0001, model='pointnet', model_path='', momentum=0.9, no_cuda=False, num_points=1024, seed=1, sigma=-1, test_batch_size=16, theta=0.2, use_sgd=False)
Train 0, loss: 2.859791
Test 0, loss: 2.548346, test acc: 0.427877, test avg acc: 0.298401, best test acc: 0.427877
Train 1, loss: 2.414768
Test 1, loss: 2.349001, test acc: 0.538898, test avg acc: 0.396733, best test acc: 0.538898
Train 2, loss: 2.279542
Test 2, loss: 2.209557, test acc: 0.649109, test avg acc: 0.507936, best test acc: 0.649109
Train 3, loss: 2.176610
Test 3, loss: 2.164508, test acc: 0.660454, test avg acc: 0.518372, best test acc: 0.660454
Train 4, loss: 2.140791
Test 4, loss: 2.125933, test acc: 0.715559, test avg acc: 0.569791, best test acc: 0.715559
Train 5, loss: 2.088581
Test 5, loss: 2.131038, test acc: 0.709887, test avg acc: 0.580849, best test acc: 0.715559
Train 6, loss: 2.050734
Test 6, loss: 2.139257, test acc: 0.709076, test avg acc: 0.576483, best test acc: 0.715559
Train 7, loss: 1.986109
Test 7, loss: 2.088690, test acc: 0.730146, test avg acc: 0.595384, best test acc: 0.730146
Train 8, loss: 1.972487
Test 8, loss: 2.046229, test acc: 0.753647, test avg acc: 0.645872, best test acc: 0.753647
Train 9, loss: 1.970111
Test 9, loss: 2.070453, test acc: 0.743922, test avg acc: 0.641849, best test acc: 0.753647
Train 10, loss: 1.937551
Test 10, loss: 2.119998, test acc: 0.718801, test avg acc: 0.616093, best test acc: 0.753647
Train 11, loss: 1.920469
Test 11, loss: 2.084951, test acc: 0.745948, test avg acc: 0.640477, best test acc: 0.753647
Train 12, loss: 1.888029
Test 12, loss: 2.047750, test acc: 0.777958, test avg acc: 0.675936, best test acc: 0.777958
Train 13, loss: 1.887159
Test 13, loss: 2.120250, test acc: 0.747569, test avg acc: 0.661965, best test acc: 0.777958
Train 14, loss: 1.840544
Test 14, loss: 2.067709, test acc: 0.770665, test avg acc: 0.684692, best test acc: 0.777958
Train 15, loss: 1.846674
Test 15, loss: 2.069075, test acc: 0.771475, test avg acc: 0.687221, best test acc: 0.777958
Train 16, loss: 1.849562
Test 16, loss: 2.093953, test acc: 0.782010, test avg acc: 0.696703, best test acc: 0.782010
Train 17, loss: 1.809163
Test 17, loss: 2.063433, test acc: 0.793355, test avg acc: 0.699924, best test acc: 0.793355
Train 18, loss: 1.816984
Test 18, loss: 2.045645, test acc: 0.775527, test avg acc: 0.696948, best test acc: 0.793355
Train 19, loss: 1.793199
Test 19, loss: 2.019950, test acc: 0.797812, test avg acc: 0.721785, best test acc: 0.797812
Train 20, loss: 1.795662
Test 20, loss: 2.025894, test acc: 0.805916, test avg acc: 0.710047, best test acc: 0.805916
Train 21, loss: 1.803369
Test 21, loss: 2.007989, test acc: 0.805105, test avg acc: 0.724919, best test acc: 0.805916
Train 22, loss: 1.751601
Test 22, loss: 2.058818, test acc: 0.794976, test avg acc: 0.723360, best test acc: 0.805916
Train 23, loss: 1.795679
Test 23, loss: 2.032803, test acc: 0.794976, test avg acc: 0.718035, best test acc: 0.805916
Train 24, loss: 1.772426
Test 24, loss: 2.041900, test acc: 0.805511, test avg acc: 0.722890, best test acc: 0.805916
Train 25, loss: 1.766235
Test 25, loss: 2.050632, test acc: 0.789708, test avg acc: 0.715209, best test acc: 0.805916
Train 26, loss: 1.755515
Test 26, loss: 2.077014, test acc: 0.804295, test avg acc: 0.712994, best test acc: 0.805916
Train 27, loss: 1.782801
Test 27, loss: 2.050577, test acc: 0.815235, test avg acc: 0.747628, best test acc: 0.815235
Train 28, loss: 1.758276
Test 28, loss: 2.125749, test acc: 0.793355, test avg acc: 0.717419, best test acc: 0.815235
Train 29, loss: 1.757573
Test 29, loss: 2.086460, test acc: 0.809157, test avg acc: 0.734285, best test acc: 0.815235
Train 30, loss: 1.731185
Test 30, loss: 2.036152, test acc: 0.816451, test avg acc: 0.746494, best test acc: 0.816451
Train 31, loss: 1.711334
Test 31, loss: 2.114397, test acc: 0.809968, test avg acc: 0.740279, best test acc: 0.816451
Train 32, loss: 1.702648
Test 32, loss: 2.034690, test acc: 0.804700, test avg acc: 0.731983, best test acc: 0.816451
Train 33, loss: 1.734146
Test 33, loss: 2.051863, test acc: 0.825365, test avg acc: 0.757866, best test acc: 0.825365
Train 34, loss: 1.748268
Test 34, loss: 2.139306, test acc: 0.791329, test avg acc: 0.722483, best test acc: 0.825365
Train 35, loss: 1.707689
Test 35, loss: 2.048033, test acc: 0.812399, test avg acc: 0.746140, best test acc: 0.825365
Train 36, loss: 1.704538
Test 36, loss: 2.022921, test acc: 0.828201, test avg acc: 0.763279, best test acc: 0.828201
Train 37, loss: 1.686508
Test 37, loss: 2.131244, test acc: 0.809562, test avg acc: 0.735965, best test acc: 0.828201
Train 38, loss: 1.701731
Test 38, loss: 2.097297, test acc: 0.809562, test avg acc: 0.731535, best test acc: 0.828201
Train 39, loss: 1.693316
Test 39, loss: 2.042170, test acc: 0.828201, test avg acc: 0.762564, best test acc: 0.828201
Train 40, loss: 1.703645
Test 40, loss: 2.116571, test acc: 0.831848, test avg acc: 0.762349, best test acc: 0.831848
Train 41, loss: 1.684114
Test 41, loss: 2.029725, test acc: 0.830632, test avg acc: 0.764285, best test acc: 0.831848
Train 42, loss: 1.698658
Test 42, loss: 2.031229, test acc: 0.823744, test avg acc: 0.771628, best test acc: 0.831848
Train 43, loss: 1.695343
Test 43, loss: 2.056278, test acc: 0.833063, test avg acc: 0.758965, best test acc: 0.833063
Train 44, loss: 1.690242
Test 44, loss: 2.074961, test acc: 0.831848, test avg acc: 0.762372, best test acc: 0.833063
Train 45, loss: 1.675271
Test 45, loss: 2.132873, test acc: 0.825770, test avg acc: 0.751349, best test acc: 0.833063
Train 46, loss: 1.680424
Test 46, loss: 2.101350, test acc: 0.824554, test avg acc: 0.751727, best test acc: 0.833063
Train 47, loss: 1.665730
Test 47, loss: 2.079017, test acc: 0.831442, test avg acc: 0.766570, best test acc: 0.833063
Train 48, loss: 1.653388
Test 48, loss: 2.068972, test acc: 0.835089, test avg acc: 0.762930, best test acc: 0.835089
Train 49, loss: 1.658583
Test 49, loss: 2.083077, test acc: 0.840762, test avg acc: 0.767616, best test acc: 0.840762
Train 50, loss: 1.666731
Test 50, loss: 2.042937, test acc: 0.828606, test avg acc: 0.770814, best test acc: 0.840762
Train 51, loss: 1.669357
Test 51, loss: 2.049714, test acc: 0.826175, test avg acc: 0.761110, best test acc: 0.840762
Train 52, loss: 1.641655
Test 52, loss: 2.092270, test acc: 0.825365, test avg acc: 0.760942, best test acc: 0.840762
Train 53, loss: 1.662499
Test 53, loss: 2.071571, test acc: 0.838736, test avg acc: 0.775855, best test acc: 0.840762
Train 54, loss: 1.668178
Test 54, loss: 2.038341, test acc: 0.832253, test avg acc: 0.752227, best test acc: 0.840762
Train 55, loss: 1.651069
Test 55, loss: 2.122624, test acc: 0.825770, test avg acc: 0.755360, best test acc: 0.840762
Train 56, loss: 1.662692
Test 56, loss: 2.033612, test acc: 0.839141, test avg acc: 0.782686, best test acc: 0.840762
Train 57, loss: 1.646368
Test 57, loss: 2.040817, test acc: 0.839951, test avg acc: 0.776942, best test acc: 0.840762
Train 58, loss: 1.676233
Test 58, loss: 2.060898, test acc: 0.848055, test avg acc: 0.779000, best test acc: 0.848055
Train 59, loss: 1.672609
Test 59, loss: 2.102387, test acc: 0.840762, test avg acc: 0.786151, best test acc: 0.848055
Train 60, loss: 1.655113
Test 60, loss: 2.098421, test acc: 0.850081, test avg acc: 0.783442, best test acc: 0.850081
Train 61, loss: 1.666386
Test 61, loss: 2.002878, test acc: 0.839546, test avg acc: 0.791192, best test acc: 0.850081
Train 62, loss: 1.640377
Test 62, loss: 2.042104, test acc: 0.832658, test avg acc: 0.770174, best test acc: 0.850081
Train 63, loss: 1.672194
Test 63, loss: 2.052193, test acc: 0.850081, test avg acc: 0.793517, best test acc: 0.850081
Train 64, loss: 1.651298
Test 64, loss: 2.103283, test acc: 0.841572, test avg acc: 0.789105, best test acc: 0.850081
Train 65, loss: 1.635981
Test 65, loss: 2.105070, test acc: 0.833468, test avg acc: 0.765163, best test acc: 0.850081
Train 66, loss: 1.633134
Test 66, loss: 2.078587, test acc: 0.854538, test avg acc: 0.776738, best test acc: 0.854538
Train 67, loss: 1.652494
Test 67, loss: 2.102306, test acc: 0.837115, test avg acc: 0.770948, best test acc: 0.854538
Train 68, loss: 1.650649
Test 68, loss: 2.055215, test acc: 0.846434, test avg acc: 0.772128, best test acc: 0.854538
Train 69, loss: 1.633060
Test 69, loss: 2.064010, test acc: 0.840762, test avg acc: 0.771012, best test acc: 0.854538
Train 70, loss: 1.646750
Test 70, loss: 2.101296, test acc: 0.836305, test avg acc: 0.780930, best test acc: 0.854538
Train 71, loss: 1.628500
Test 71, loss: 2.139358, test acc: 0.844814, test avg acc: 0.777343, best test acc: 0.854538
Train 72, loss: 1.631265
Test 72, loss: 2.156963, test acc: 0.836710, test avg acc: 0.765826, best test acc: 0.854538
Train 73, loss: 1.639482
Test 73, loss: 2.083643, test acc: 0.831848, test avg acc: 0.768820, best test acc: 0.854538
Train 74, loss: 1.639582
Test 74, loss: 2.033653, test acc: 0.850486, test avg acc: 0.796895, best test acc: 0.854538
Train 75, loss: 1.648438
Test 75, loss: 2.104525, test acc: 0.823339, test avg acc: 0.776983, best test acc: 0.854538
Train 76, loss: 1.630572
Test 76, loss: 2.032669, test acc: 0.851702, test avg acc: 0.793558, best test acc: 0.854538
Train 77, loss: 1.622287
Test 77, loss: 2.096802, test acc: 0.843598, test avg acc: 0.772878, best test acc: 0.854538
Train 78, loss: 1.616367
Test 78, loss: 2.104553, test acc: 0.841167, test avg acc: 0.778651, best test acc: 0.854538
Train 79, loss: 1.622100
Test 79, loss: 2.110954, test acc: 0.847650, test avg acc: 0.774599, best test acc: 0.854538
Train 80, loss: 1.632166
Test 80, loss: 2.075836, test acc: 0.848865, test avg acc: 0.788773, best test acc: 0.854538
Train 81, loss: 1.636780
Test 81, loss: 2.016143, test acc: 0.851297, test avg acc: 0.790552, best test acc: 0.854538
Train 82, loss: 1.634753
Test 82, loss: 2.094829, test acc: 0.843193, test avg acc: 0.789151, best test acc: 0.854538
Train 83, loss: 1.630368
Test 83, loss: 2.072378, test acc: 0.847650, test avg acc: 0.794343, best test acc: 0.854538
Train 84, loss: 1.608538
Test 84, loss: 2.080027, test acc: 0.825365, test avg acc: 0.760797, best test acc: 0.854538
Train 85, loss: 1.599160
Test 85, loss: 2.041363, test acc: 0.849676, test avg acc: 0.795733, best test acc: 0.854538
Train 86, loss: 1.601707
Test 86, loss: 2.078441, test acc: 0.829417, test avg acc: 0.780401, best test acc: 0.854538
Train 87, loss: 1.600839
Test 87, loss: 2.095393, test acc: 0.845219, test avg acc: 0.786767, best test acc: 0.854538
Train 88, loss: 1.618056
Test 88, loss: 2.008602, test acc: 0.850486, test avg acc: 0.786634, best test acc: 0.854538
Train 89, loss: 1.599069
Test 89, loss: 2.072842, test acc: 0.855348, test avg acc: 0.792517, best test acc: 0.855348
Train 90, loss: 1.610920
Test 90, loss: 2.092741, test acc: 0.852512, test avg acc: 0.793797, best test acc: 0.855348
Train 91, loss: 1.603268
Test 91, loss: 2.018660, test acc: 0.844003, test avg acc: 0.785169, best test acc: 0.855348
Train 92, loss: 1.616478
Test 92, loss: 2.169852, test acc: 0.834684, test avg acc: 0.786285, best test acc: 0.855348
